{"numTotalTestSuites":300,"numPassedTestSuites":218,"numFailedTestSuites":82,"numPendingTestSuites":0,"numTotalTests":406,"numPassedTests":350,"numFailedTests":56,"numPendingTests":0,"numTodoTests":0,"snapshot":{"added":0,"failure":false,"filesAdded":0,"filesRemoved":0,"filesRemovedList":[],"filesUnmatched":0,"filesUpdated":0,"matched":0,"total":0,"unchecked":0,"uncheckedKeysByFile":[],"unmatched":0,"updated":0,"didUpdate":false},"startTime":1769959629908,"success":false,"testResults":[{"assertionResults":[{"ancestorTitles":[],"fullName":"ISOLATED DIAGNOSTIC TEST","status":"passed","title":"ISOLATED DIAGNOSTIC TEST","duration":719.9867000000004,"failureMessages":[],"meta":{}}],"startTime":1769959636032,"endTime":1769959636751.9868,"status":"passed","message":"","name":"C:/Users/mooya/develop/test/src/tests/AAAA_DIAG.test.js"},{"assertionResults":[{"ancestorTitles":["Action Label Stability"],"fullName":"Action Label Stability should maintain stable action label during multi-tile job approach","status":"passed","title":"should maintain stable action label during multi-tile job approach","duration":34.29199999999946,"failureMessages":[],"meta":{}}],"startTime":1769959640498,"endTime":1769959640532.292,"status":"passed","message":"","name":"C:/Users/mooya/develop/test/src/tests/ActionLabelStability.test.js"},{"assertionResults":[{"ancestorTitles":["Advanced Units"],"fullName":"Advanced Units should initialize Knight with high stats","status":"passed","title":"should initialize Knight with high stats","duration":5.317600000000311,"failureMessages":[],"meta":{}},{"ancestorTitles":["Advanced Units"],"fullName":"Advanced Units should initialize Wizard with low HP and high stats","status":"passed","title":"should initialize Wizard with low HP and high stats","duration":1.565999999998894,"failureMessages":[],"meta":{}},{"ancestorTitles":["Advanced Units"],"fullName":"Advanced Units should allow Wizard to attack from range","status":"passed","title":"should allow Wizard to attack from range","duration":1.8112999999993917,"failureMessages":[],"meta":{}}],"startTime":1769959642930,"endTime":1769959642939.8113,"status":"passed","message":"","name":"C:/Users/mooya/develop/test/src/tests/AdvancedUnits.test.js"},{"assertionResults":[{"ancestorTitles":["AI Unification & Tooltip Format"],"fullName":"AI Unification & Tooltip Format should show Moving action for both Human and Goblin when isMoving is true","status":"passed","title":"should show Moving action for both Human and Goblin when isMoving is true","duration":33.23710000000028,"failureMessages":[],"meta":{}},{"ancestorTitles":["AI Unification & Tooltip Format"],"fullName":"AI Unification & Tooltip Format should show Building action for both Human and Goblin in Build state","status":"passed","title":"should show Building action for both Human and Goblin in Build state","duration":2.413699999999153,"failureMessages":[],"meta":{}},{"ancestorTitles":["AI Unification & Tooltip Format"],"fullName":"AI Unification & Tooltip Format should have consistent tooltip data structure (id, name, action, hp, level)","status":"passed","title":"should have consistent tooltip data structure (id, name, action, hp, level)","duration":4.186900000000605,"failureMessages":[],"meta":{}}],"startTime":1769959640897,"endTime":1769959640937.187,"status":"passed","message":"","name":"C:/Users/mooya/develop/test/src/tests/AIUnification.test.js"},{"assertionResults":[{"ancestorTitles":["Animal Movement Verification"],"fullName":"Animal Movement Verification Sheep should move after interval (Manual Time Step)","status":"passed","title":"Sheep should move after interval (Manual Time Step)","duration":14.154500000000553,"failureMessages":[],"meta":{}},{"ancestorTitles":["Animal Movement Verification"],"fullName":"Animal Movement Verification Fish should move in water","status":"passed","title":"Fish should move in water","duration":6.237300000000687,"failureMessages":[],"meta":{}}],"startTime":1769959640824,"endTime":1769959640845.2373,"status":"passed","message":"","name":"C:/Users/mooya/develop/test/src/tests/Animals.test.js"},{"assertionResults":[{"ancestorTitles":["Autonomous Building Attack"],"fullName":"Autonomous Building Attack should automatically engage a nearby goblin hut","status":"passed","title":"should automatically engage a nearby goblin hut","duration":8.566800000000512,"failureMessages":[],"meta":{}},{"ancestorTitles":["Autonomous Building Attack"],"fullName":"Autonomous Building Attack should NOT engage if worker (safeguard check)","status":"passed","title":"should NOT engage if worker (safeguard check)","duration":2.737600000000384,"failureMessages":[],"meta":{}}],"startTime":1769959643761,"endTime":1769959643771.7375,"status":"passed","message":"","name":"C:/Users/mooya/develop/test/src/tests/BuildingAttackAuto.test.js"},{"assertionResults":[{"ancestorTitles":["Building Defense Logic"],"fullName":"Building Defense Logic Goblins deal population damage to player buildings","status":"passed","title":"Goblins deal population damage to player buildings","duration":14.274699999999939,"failureMessages":[],"meta":{}},{"ancestorTitles":["Building Defense Logic"],"fullName":"Building Defense Logic Goblins deal structural damage to empty player buildings","status":"passed","title":"Goblins deal structural damage to empty player buildings","duration":1.3847999999998137,"failureMessages":[],"meta":{}},{"ancestorTitles":["Building Defense Logic"],"fullName":"Building Defense Logic Goblins destroy player buildings when HP reaches 0","status":"passed","title":"Goblins destroy player buildings when HP reaches 0","duration":3.143999999998414,"failureMessages":[],"meta":{}},{"ancestorTitles":["Building Defense Logic"],"fullName":"Building Defense Logic Buildings retaliate against melee goblins","status":"passed","title":"Buildings retaliate against melee goblins","duration":2.0342000000000553,"failureMessages":[],"meta":{}},{"ancestorTitles":["Building Defense Logic"],"fullName":"Building Defense Logic Towers have massive retaliation","status":"passed","title":"Towers have massive retaliation","duration":1.075699999999415,"failureMessages":[],"meta":{}},{"ancestorTitles":["Building Defense Logic"],"fullName":"Building Defense Logic No retaliation for distant attackers (Shamans)","status":"passed","title":"No retaliation for distant attackers (Shamans)","duration":2.317299999998795,"failureMessages":[],"meta":{}},{"ancestorTitles":["Building Defense Logic"],"fullName":"Building Defense Logic Goblins can target buildings with 0 population but > 0 structural HP","status":"passed","title":"Goblins can target buildings with 0 population but > 0 structural HP","duration":1.4092000000000553,"failureMessages":[],"meta":{}},{"ancestorTitles":["Building Defense Logic"],"fullName":"Building Defense Logic Standard HP logic for Goblin buildings","status":"passed","title":"Standard HP logic for Goblin buildings","duration":2.7160000000003492,"failureMessages":[],"meta":{}}],"startTime":1769959640051,"endTime":1769959640079.716,"status":"passed","message":"","name":"C:/Users/mooya/develop/test/src/tests/BuildingDefense.test.js"},{"assertionResults":[{"ancestorTitles":["Building Destruction Logic"],"fullName":"Building Destruction Logic should successfully remove a building from the list","status":"passed","title":"should successfully remove a building from the list","duration":41.788000000000466,"failureMessages":[],"meta":{}},{"ancestorTitles":["Building Destruction Logic"],"fullName":"Building Destruction Logic should allow a goblin to destroy a building","status":"passed","title":"should allow a goblin to destroy a building","duration":25.09649999999965,"failureMessages":[],"meta":{}},{"ancestorTitles":["Building Destruction Logic"],"fullName":"Building Destruction Logic should handle identity mismatch (Ghost Building)","status":"passed","title":"should handle identity mismatch (Ghost Building)","duration":23.244300000000294,"failureMessages":[],"meta":{}},{"ancestorTitles":["Building Destruction Logic"],"fullName":"Building Destruction Logic should not destroy building if population > 0 even if HP <= 0","status":"passed","title":"should not destroy building if population > 0 even if HP <= 0","duration":16.69380000000092,"failureMessages":[],"meta":{}}],"startTime":1769959638133,"endTime":1769959638240.6938,"status":"passed","message":"","name":"C:/Users/mooya/develop/test/src/tests/BuildingDestruction.test.js"},{"assertionResults":[{"ancestorTitles":["Building Distraction Bug"],"fullName":"Building Distraction Bug should NOT build a house while in Job moving to target","status":"passed","title":"should NOT build a house while in Job moving to target","duration":13.019200000000637,"failureMessages":[],"meta":{}},{"ancestorTitles":["Building Distraction Bug"],"fullName":"Building Distraction Bug should NOT build immediately after job abort (cooldown check)","status":"passed","title":"should NOT build immediately after job abort (cooldown check)","duration":7.15809999999874,"failureMessages":[],"meta":{}}],"startTime":1769959642269,"endTime":1769959642289.1582,"status":"passed","message":"","name":"C:/Users/mooya/develop/test/src/tests/BuildingDistraction.test.js"},{"assertionResults":[{"ancestorTitles":["Building Logic"],"fullName":"Building Logic should build house if population is sufficient (Initial State)","status":"passed","title":"should build house if population is sufficient (Initial State)","duration":7.180899999999383,"failureMessages":[],"meta":{}},{"ancestorTitles":["Building Logic"],"fullName":"Building Logic should build house if population > 8 (with Base Cap 10)","status":"passed","title":"should build house if population > 8 (with Base Cap 10)","duration":4.5451000000011845,"failureMessages":[],"meta":{}}],"startTime":1769959643567,"endTime":1769959643579.5452,"status":"passed","message":"","name":"C:/Users/mooya/develop/test/src/tests/BuildingStart.test.js"},{"assertionResults":[{"ancestorTitles":["Cave Destruction Bug"],"fullName":"Cave Destruction Bug should damage cave when attacking directly","status":"passed","title":"should damage cave when attacking directly","duration":6.818699999999808,"failureMessages":[],"meta":{}}],"startTime":1769959644747,"endTime":1769959644753.8186,"status":"passed","message":"","name":"C:/Users/mooya/develop/test/src/tests/CaveDestruction.test.js"},{"assertionResults":[{"ancestorTitles":["Cave Determinism"],"fullName":"Cave Determinism should generate identical caves with same terrain seed","status":"passed","title":"should generate identical caves with same terrain seed","duration":1269.0611,"failureMessages":[],"meta":{}}],"startTime":1769959634880,"endTime":1769959636149.061,"status":"passed","message":"","name":"C:/Users/mooya/develop/test/src/tests/CaveDeterminism.test.js"},{"assertionResults":[{"ancestorTitles":["GoblinManager Cave Persistence"],"fullName":"GoblinManager Cave Persistence should update cave Y position when terrain height changes","status":"passed","title":"should update cave Y position when terrain height changes","duration":4.408699999999953,"failureMessages":[],"meta":{}},{"ancestorTitles":["GoblinManager Cave Persistence"],"fullName":"GoblinManager Cave Persistence should destroy cave if submerged (height <= 0)","status":"passed","title":"should destroy cave if submerged (height <= 0)","duration":2.0019999999985885,"failureMessages":[],"meta":{}}],"startTime":1769959644762,"endTime":1769959644768.002,"status":"passed","message":"","name":"C:/Users/mooya/develop/test/src/tests/CavePersistence.test.js"},{"assertionResults":[{"ancestorTitles":["Combat Balance Verification"],"fullName":"Combat Balance Verification Worker vs Normal Goblin (Expected: Goblin Win due to stats buff)","status":"passed","title":"Worker vs Normal Goblin (Expected: Goblin Win due to stats buff)","duration":35.12299999999959,"failureMessages":[],"meta":{}},{"ancestorTitles":["Combat Balance Verification"],"fullName":"Combat Balance Verification Normal Goblin vs House (Expected: Mutually Assured Destruction or House Defense)","status":"passed","title":"Normal Goblin vs House (Expected: Mutually Assured Destruction or House Defense)","duration":8.835500000001048,"failureMessages":[],"meta":{}},{"ancestorTitles":["Combat Balance Verification"],"fullName":"Combat Balance Verification Knight vs Normal Goblin (Expected: Knight Stomp)","status":"passed","title":"Knight vs Normal Goblin (Expected: Knight Stomp)","duration":10.804700000000594,"failureMessages":[],"meta":{}},{"ancestorTitles":["Combat Balance Verification"],"fullName":"Combat Balance Verification Knight vs King Goblin (Expected: Close or King Advantage)","status":"passed","title":"Knight vs King Goblin (Expected: Close or King Advantage)","duration":8.671399999999267,"failureMessages":[],"meta":{}},{"ancestorTitles":["Combat Balance Verification"],"fullName":"Combat Balance Verification Wizard vs Hobgoblin (Expected: Wizard High DPS but Fragile)","status":"passed","title":"Wizard vs Hobgoblin (Expected: Wizard High DPS but Fragile)","duration":6.513499999999112,"failureMessages":[],"meta":{}},{"ancestorTitles":["Combat Balance Verification"],"fullName":"Combat Balance Verification Goblin King should crush Worker","status":"passed","title":"Goblin King should crush Worker","duration":5.885599999999613,"failureMessages":[],"meta":{}}],"startTime":1769959638406,"endTime":1769959638481.8855,"status":"passed","message":"","name":"C:/Users/mooya/develop/test/src/tests/CombatBalance.test.js"},{"assertionResults":[{"ancestorTitles":["Combat and Logic Fixes"],"fullName":"Combat and Logic Fixes should find target goblin","status":"failed","title":"should find target goblin","duration":24.807800000000498,"failureMessages":["AssertionError: expected 'Fighting' to be 'Chasing' // Object.is equality\n    at C:/Users/mooya/develop/test/src/tests/CombatFixes.test.js:62:29\n    at file:///C:/Users/mooya/develop/test/node_modules/@vitest/runner/dist/index.js:145:11\n    at file:///C:/Users/mooya/develop/test/node_modules/@vitest/runner/dist/index.js:915:26\n    at file:///C:/Users/mooya/develop/test/node_modules/@vitest/runner/dist/index.js:1240:20\n    at new Promise (<anonymous>)\n    at runWithTimeout (file:///C:/Users/mooya/develop/test/node_modules/@vitest/runner/dist/index.js:1206:10)\n    at file:///C:/Users/mooya/develop/test/node_modules/@vitest/runner/dist/index.js:1650:37\n    at Traces.$ (file:///C:/Users/mooya/develop/test/node_modules/vitest/dist/chunks/traces.U4xDYhzZ.js:115:27)\n    at trace (file:///C:/Users/mooya/develop/test/node_modules/vitest/dist/chunks/test.BT8LKgU9.js:239:21)\n    at runTest (file:///C:/Users/mooya/develop/test/node_modules/@vitest/runner/dist/index.js:1650:12)"],"meta":{}}],"startTime":1769959633636,"endTime":1769959633660.8079,"status":"failed","message":"","name":"C:/Users/mooya/develop/test/src/tests/CombatFixes.test.js"},{"assertionResults":[{"ancestorTitles":["Request Responsiveness & Combat Handoff"],"fullName":"Request Responsiveness & Combat Handoff Worker releases job when died","status":"passed","title":"Worker releases job when died","duration":130.4248000000007,"failureMessages":[],"meta":{}},{"ancestorTitles":["Request Responsiveness & Combat Handoff"],"fullName":"Request Responsiveness & Combat Handoff forceAssignRequest prioritizes idle unit over busy unit","status":"passed","title":"forceAssignRequest prioritizes idle unit over busy unit","duration":86.43409999999949,"failureMessages":[],"meta":{}}],"startTime":1769959635994,"endTime":1769959636210.434,"status":"passed","message":"","name":"C:/Users/mooya/develop/test/src/tests/CombatRequestHandoff.test.js"},{"assertionResults":[{"ancestorTitles":["Combat Retaliation System"],"fullName":"Combat Retaliation System should retaliate when hit while working (Job)","status":"passed","title":"should retaliate when hit while working (Job)","duration":13.01510000000053,"failureMessages":[],"meta":{}},{"ancestorTitles":["Combat Retaliation System"],"fullName":"Combat Retaliation System should switch strictly for self-defense scan failure in Job (Non-worker)","status":"passed","title":"should switch strictly for self-defense scan failure in Job (Non-worker)","duration":2.4434000000001106,"failureMessages":[],"meta":{}}],"startTime":1769959642509,"endTime":1769959642524.4434,"status":"passed","message":"","name":"C:/Users/mooya/develop/test/src/tests/CombatRetaliation.test.js"},{"assertionResults":[{"ancestorTitles":["Combat Stability Tests"],"fullName":"Combat Stability Tests Should attack goblin in SAME region within 8 tiles","status":"passed","title":"Should attack goblin in SAME region within 8 tiles","duration":14.023299999998926,"failureMessages":[],"meta":{}},{"ancestorTitles":["Combat Stability Tests"],"fullName":"Combat Stability Tests Should IGNORE goblin in DIFFERENT region (Unreachable)","status":"passed","title":"Should IGNORE goblin in DIFFERENT region (Unreachable)","duration":1.6584000000002561,"failureMessages":[],"meta":{}},{"ancestorTitles":["Combat Stability Tests"],"fullName":"Combat Stability Tests Should IGNORE goblin OUTSIDE general range (>8) for self defense check","status":"passed","title":"Should IGNORE goblin OUTSIDE general range (>8) for self defense check","duration":1.1956000000009226,"failureMessages":[],"meta":{}},{"ancestorTitles":["Combat Stability Tests"],"fullName":"Combat Stability Tests Should PRIORITIZE goblin closer than 8 tiles","status":"passed","title":"Should PRIORITIZE goblin closer than 8 tiles","duration":1.8894000000000233,"failureMessages":[],"meta":{}},{"ancestorTitles":["Combat Stability Tests"],"fullName":"Combat Stability Tests Should NOT attack across Water (Region 0)","status":"passed","title":"Should NOT attack across Water (Region 0)","duration":1.1404999999995198,"failureMessages":[],"meta":{}}],"startTime":1769959640716,"endTime":1769959640736.1404,"status":"passed","message":"","name":"C:/Users/mooya/develop/test/src/tests/CombatStability.test.js"},{"assertionResults":[{"ancestorTitles":["Combat Logic Verification"],"fullName":"Combat Logic Verification Scenario A: Worker destroys Cave","status":"failed","title":"Scenario A: Worker destroys Cave","duration":18.727100000000064,"failureMessages":["AssertionError: expected false to be true // Object.is equality\n    at C:/Users/mooya/develop/test/src/tests/CombatVerification.test.js:67:24\n    at file:///C:/Users/mooya/develop/test/node_modules/@vitest/runner/dist/index.js:145:11\n    at file:///C:/Users/mooya/develop/test/node_modules/@vitest/runner/dist/index.js:915:26\n    at file:///C:/Users/mooya/develop/test/node_modules/@vitest/runner/dist/index.js:1240:20\n    at new Promise (<anonymous>)\n    at runWithTimeout (file:///C:/Users/mooya/develop/test/node_modules/@vitest/runner/dist/index.js:1206:10)\n    at file:///C:/Users/mooya/develop/test/node_modules/@vitest/runner/dist/index.js:1650:37\n    at Traces.$ (file:///C:/Users/mooya/develop/test/node_modules/vitest/dist/chunks/traces.U4xDYhzZ.js:115:27)\n    at trace (file:///C:/Users/mooya/develop/test/node_modules/vitest/dist/chunks/test.BT8LKgU9.js:239:21)\n    at runTest (file:///C:/Users/mooya/develop/test/node_modules/@vitest/runner/dist/index.js:1650:12)"],"meta":{}}],"startTime":1769959633397,"endTime":1769959633415.727,"status":"failed","message":"","name":"C:/Users/mooya/develop/test/src/tests/CombatVerification.test.js"},{"assertionResults":[{"ancestorTitles":["Complex AI Scenarios"],"fullName":"Complex AI Scenarios should drop job gracefully if target building is destroyed","status":"passed","title":"should drop job gracefully if target building is destroyed","duration":36.44850000000042,"failureMessages":[],"meta":{}},{"ancestorTitles":["Complex AI Scenarios"],"fullName":"Complex AI Scenarios should prioritize manual jobs even when closer auto jobs appear","status":"passed","title":"should prioritize manual jobs even when closer auto jobs appear","duration":16.323199999998906,"failureMessages":[],"meta":{}},{"ancestorTitles":["Complex AI Scenarios"],"fullName":"Complex AI Scenarios should NOT drop manual job when switching to Sleep at night","status":"passed","title":"should NOT drop manual job when switching to Sleep at night","duration":7.17529999999897,"failureMessages":[],"meta":{}},{"ancestorTitles":["Complex AI Scenarios"],"fullName":"Complex AI Scenarios should abandon unreachable job (Abandonment Test)","status":"passed","title":"should abandon unreachable job (Abandonment Test)","duration":12.928200000000288,"failureMessages":[],"meta":{}}],"startTime":1769959638063,"endTime":1769959638136.9282,"status":"passed","message":"","name":"C:/Users/mooya/develop/test/src/tests/ComplexAI.test.js"},{"assertionResults":[{"ancestorTitles":["Complex Job Interaction and Cancellation"],"fullName":"Complex Job Interaction and Cancellation should immediately stop unit when job is cancelled mid-approach","status":"passed","title":"should immediately stop unit when job is cancelled mid-approach","duration":40.34490000000005,"failureMessages":[],"meta":{}},{"ancestorTitles":["Complex Job Interaction and Cancellation"],"fullName":"Complex Job Interaction and Cancellation should pickup NEXT job if current is cancelled","status":"passed","title":"should pickup NEXT job if current is cancelled","duration":12.893199999998615,"failureMessages":[],"meta":{}},{"ancestorTitles":["Complex Job Interaction and Cancellation"],"fullName":"Complex Job Interaction and Cancellation should handle cancellation while Working (arrived)","status":"passed","title":"should handle cancellation while Working (arrived)","duration":5.4372999999995955,"failureMessages":[],"meta":{}}],"startTime":1769959638051,"endTime":1769959638110.4373,"status":"passed","message":"","name":"C:/Users/mooya/develop/test/src/tests/ComplexInteraction.test.js"},{"assertionResults":[{"ancestorTitles":["Counter Damage Nerf Verification"],"fullName":"Counter Damage Nerf Verification Goblin Counter should do 50% damage","status":"passed","title":"Goblin Counter should do 50% damage","duration":38.00830000000133,"failureMessages":[],"meta":{}},{"ancestorTitles":["Counter Damage Nerf Verification"],"fullName":"Counter Damage Nerf Verification Unit Counter should do 50% damage","status":"passed","title":"Unit Counter should do 50% damage","duration":13.868899999999485,"failureMessages":[],"meta":{}},{"ancestorTitles":["Counter Damage Nerf Verification"],"fullName":"Counter Damage Nerf Verification Unit hitting Building should take retaliation dmg","status":"passed","title":"Unit hitting Building should take retaliation dmg","duration":4.997100000000501,"failureMessages":[],"meta":{}}],"startTime":1769959638745,"endTime":1769959638801.997,"status":"passed","message":"","name":"C:/Users/mooya/develop/test/src/tests/CounterBalance.test.js"},{"assertionResults":[{"ancestorTitles":["Death Animation and Logic Fixes"],"fullName":"Death Animation and Logic Fixes should update death animation and remove cross after duration","status":"passed","title":"should update death animation and remove cross after duration","duration":13.048899999999776,"failureMessages":[],"meta":{}},{"ancestorTitles":["Death Animation and Logic Fixes"],"fullName":"Death Animation and Logic Fixes should Stop moving/updating logic when Dead (Ghost Unit Fix)","status":"passed","title":"should Stop moving/updating logic when Dead (Ghost Unit Fix)","duration":3.142600000001039,"failureMessages":[],"meta":{}}],"startTime":1769959643769,"endTime":1769959643785.1426,"status":"passed","message":"","name":"C:/Users/mooya/develop/test/src/tests/DeathAnimation.test.js"},{"assertionResults":[{"ancestorTitles":["Action Label Logic"],"fullName":"Action Label Logic should maintain Moving action during update loop","status":"passed","title":"should maintain Moving action during update loop","duration":11.373700000000099,"failureMessages":[],"meta":{}}],"startTime":1769959643925,"endTime":1769959643936.3738,"status":"passed","message":"","name":"C:/Users/mooya/develop/test/src/tests/DebuggingIdle.test.js"},{"assertionResults":[{"ancestorTitles":["Debug Regression"],"fullName":"Debug Regression reproduce Snatch movement","status":"failed","title":"reproduce Snatch movement","duration":18.65190000000075,"failureMessages":["AssertionError: expected 'Approaching Job' not to contain 'Job'\n    at C:/Users/mooya/develop/test/src/tests/DebugRegression.test.js:85:33\n    at file:///C:/Users/mooya/develop/test/node_modules/@vitest/runner/dist/index.js:145:11\n    at file:///C:/Users/mooya/develop/test/node_modules/@vitest/runner/dist/index.js:915:26\n    at file:///C:/Users/mooya/develop/test/node_modules/@vitest/runner/dist/index.js:1240:20\n    at new Promise (<anonymous>)\n    at runWithTimeout (file:///C:/Users/mooya/develop/test/node_modules/@vitest/runner/dist/index.js:1206:10)\n    at file:///C:/Users/mooya/develop/test/node_modules/@vitest/runner/dist/index.js:1650:37\n    at Traces.$ (file:///C:/Users/mooya/develop/test/node_modules/vitest/dist/chunks/traces.U4xDYhzZ.js:115:27)\n    at trace (file:///C:/Users/mooya/develop/test/node_modules/vitest/dist/chunks/test.BT8LKgU9.js:239:21)\n    at runTest (file:///C:/Users/mooya/develop/test/node_modules/@vitest/runner/dist/index.js:1650:12)"],"meta":{}}],"startTime":1769959634488,"endTime":1769959634506.6519,"status":"failed","message":"","name":"C:/Users/mooya/develop/test/src/tests/DebugRegression.test.js"},{"assertionResults":[{"ancestorTitles":["Deep Cup Pathfinding"],"fullName":"Deep Cup Pathfinding should find path out of Deep Cup within maxSteps (Trap Check)","status":"passed","title":"should find path out of Deep Cup within maxSteps (Trap Check)","duration":14.970300000000861,"failureMessages":[],"meta":{}}],"startTime":1769959641401,"endTime":1769959641415.9702,"status":"passed","message":"","name":"C:/Users/mooya/develop/test/src/tests/DeepCup.test.js"},{"assertionResults":[{"ancestorTitles":["Double Spawn Issue (Concurrency)"],"fullName":"Double Spawn Issue (Concurrency) should prevent double spawn on concurrent startNewGame calls","status":"passed","title":"should prevent double spawn on concurrent startNewGame calls","duration":115.20310000000063,"failureMessages":[],"meta":{}}],"startTime":1769959638353,"endTime":1769959638468.2031,"status":"passed","message":"","name":"C:/Users/mooya/develop/test/src/tests/DoubleSpawn.test.js"},{"assertionResults":[{"ancestorTitles":["Encounter Combat Logic"],"fullName":"Encounter Combat Logic Unit should switch target to nearby Goblin while moving to distant Building","status":"failed","title":"Unit should switch target to nearby Goblin while moving to distant Building","duration":34.6574999999998,"failureMessages":["TypeError: window.game.findBestRequest is not a function\n    at Wander.update (C:/Users/mooya/develop/test/src/ai/states/UnitStates.ts:69:46)\n    at Unit.updateLogic (C:/Users/mooya/develop/test/src/Unit.ts:2220:24)\n    at C:/Users/mooya/develop/test/src/tests/EncounterCombat.test.js:141:18\n    at file:///C:/Users/mooya/develop/test/node_modules/@vitest/runner/dist/index.js:145:11\n    at file:///C:/Users/mooya/develop/test/node_modules/@vitest/runner/dist/index.js:915:26\n    at file:///C:/Users/mooya/develop/test/node_modules/@vitest/runner/dist/index.js:1240:20\n    at new Promise (<anonymous>)\n    at runWithTimeout (file:///C:/Users/mooya/develop/test/node_modules/@vitest/runner/dist/index.js:1206:10)\n    at file:///C:/Users/mooya/develop/test/node_modules/@vitest/runner/dist/index.js:1650:37\n    at Traces.$ (file:///C:/Users/mooya/develop/test/node_modules/vitest/dist/chunks/traces.U4xDYhzZ.js:115:27)"],"meta":{}},{"ancestorTitles":["Encounter Combat Logic"],"fullName":"Encounter Combat Logic Goblin should switch target to nearby Unit while moving to distant Building","status":"passed","title":"Goblin should switch target to nearby Unit while moving to distant Building","duration":11.127800000000207,"failureMessages":[],"meta":{}},{"ancestorTitles":["Encounter Combat Logic"],"fullName":"Encounter Combat Logic Worker should reduce scan range (Worker Aggression Fix)","status":"passed","title":"Worker should reduce scan range (Worker Aggression Fix)","duration":2.2640000000001237,"failureMessages":[],"meta":{}}],"startTime":1769959633366,"endTime":1769959633414.264,"status":"failed","message":"","name":"C:/Users/mooya/develop/test/src/tests/EncounterCombat.test.js"},{"assertionResults":[{"ancestorTitles":[],"fullName":"Faction War Logic","status":"passed","title":"Faction War Logic","duration":24.061499999999796,"failureMessages":[],"meta":{}}],"startTime":1769959640404,"endTime":1769959640428.0615,"status":"passed","message":"","name":"C:/Users/mooya/develop/test/src/tests/FactionWar.test.js"},{"assertionResults":[{"ancestorTitles":["Terrain Flatness Check"],"fullName":"Terrain Flatness Check should PASS perfectly flat terrain","status":"passed","title":"should PASS perfectly flat terrain","duration":4.364300000001094,"failureMessages":[],"meta":{}},{"ancestorTitles":["Terrain Flatness Check"],"fullName":"Terrain Flatness Check should PASS minor noise (within 0.1)","status":"passed","title":"should PASS minor noise (within 0.1)","duration":1.1830000000009022,"failureMessages":[],"meta":{}},{"ancestorTitles":["Terrain Flatness Check"],"fullName":"Terrain Flatness Check should FAIL excessive noise (> 0.1)","status":"passed","title":"should FAIL excessive noise (> 0.1)","duration":1.099500000000262,"failureMessages":[],"meta":{}},{"ancestorTitles":["Terrain Flatness Check"],"fullName":"Terrain Flatness Check should FAIL slope","status":"passed","title":"should FAIL slope","duration":1.453299999999217,"failureMessages":[],"meta":{}},{"ancestorTitles":["Terrain Flatness Check"],"fullName":"Terrain Flatness Check should FAIL water (height 0)","status":"passed","title":"should FAIL water (height 0)","duration":1.557699999999386,"failureMessages":[],"meta":{}}],"startTime":1769959645093,"endTime":1769959645103.5576,"status":"passed","message":"","name":"C:/Users/mooya/develop/test/src/tests/Flatness.test.js"},{"assertionResults":[{"ancestorTitles":["Force Assignment Integration"],"fullName":"Force Assignment Integration should successfully triggerMove without infinite loop","status":"failed","title":"should successfully triggerMove without infinite loop","duration":22.436399999999594,"failureMessages":["Error: [vitest] No \"Clock\" export is defined on the \"three\" mock. Did you forget to return it from \"vi.mock\"?\nIf you need to partially mock a module, you can use \"importOriginal\" helper inside:\n\n    at VitestMocker.createError (file:///C:/Users/mooya/develop/test/node_modules/vitest/dist/chunks/startModuleRunner.Iz2V0ESw.js:311:17)\n    at Object.get (file:///C:/Users/mooya/develop/test/node_modules/vitest/dist/chunks/startModuleRunner.Iz2V0ESw.js:384:16)\n    at new Game (C:/Users/mooya/develop/test/src/Game.ts:399:36)\n    at C:/Users/mooya/develop/test/src/tests/ForceAssignment.test.js:134:16\n    at file:///C:/Users/mooya/develop/test/node_modules/@vitest/runner/dist/index.js:145:11\n    at file:///C:/Users/mooya/develop/test/node_modules/@vitest/runner/dist/index.js:1240:20\n    at new Promise (<anonymous>)\n    at runWithTimeout (file:///C:/Users/mooya/develop/test/node_modules/@vitest/runner/dist/index.js:1206:10)\n    at runHook (file:///C:/Users/mooya/develop/test/node_modules/@vitest/runner/dist/index.js:1511:51)\n    at callSuiteHook (file:///C:/Users/mooya/develop/test/node_modules/@vitest/runner/dist/index.js:1517:25)"],"meta":{}},{"ancestorTitles":["Force Assignment Integration"],"fullName":"Force Assignment Integration should handle Force Assignment logic block","status":"failed","title":"should handle Force Assignment logic block","duration":2.968499999999949,"failureMessages":["Error: [vitest] No \"Clock\" export is defined on the \"three\" mock. Did you forget to return it from \"vi.mock\"?\nIf you need to partially mock a module, you can use \"importOriginal\" helper inside:\n\n    at VitestMocker.createError (file:///C:/Users/mooya/develop/test/node_modules/vitest/dist/chunks/startModuleRunner.Iz2V0ESw.js:311:17)\n    at Object.get (file:///C:/Users/mooya/develop/test/node_modules/vitest/dist/chunks/startModuleRunner.Iz2V0ESw.js:384:16)\n    at new Game (C:/Users/mooya/develop/test/src/Game.ts:399:36)\n    at C:/Users/mooya/develop/test/src/tests/ForceAssignment.test.js:134:16\n    at file:///C:/Users/mooya/develop/test/node_modules/@vitest/runner/dist/index.js:145:11\n    at file:///C:/Users/mooya/develop/test/node_modules/@vitest/runner/dist/index.js:1240:20\n    at new Promise (<anonymous>)\n    at runWithTimeout (file:///C:/Users/mooya/develop/test/node_modules/@vitest/runner/dist/index.js:1206:10)\n    at runHook (file:///C:/Users/mooya/develop/test/node_modules/@vitest/runner/dist/index.js:1511:51)\n    at callSuiteHook (file:///C:/Users/mooya/develop/test/node_modules/@vitest/runner/dist/index.js:1517:25)"],"meta":{}}],"startTime":1769959634652,"endTime":1769959634676.9685,"status":"failed","message":"","name":"C:/Users/mooya/develop/test/src/tests/ForceAssignment.test.js"},{"assertionResults":[{"ancestorTitles":["Terrain Force Build Logic"],"fullName":"Terrain Force Build Logic should clear existing buildings when placing a new one","status":"passed","title":"should clear existing buildings when placing a new one","duration":821.2710999999999,"failureMessages":[],"meta":{}},{"ancestorTitles":["Terrain Force Build Logic"],"fullName":"Terrain Force Build Logic should clear buildings partially in the way","status":"passed","title":"should clear buildings partially in the way","duration":495.0024000000003,"failureMessages":[],"meta":{}}],"startTime":1769959634842,"endTime":1769959636158.0024,"status":"passed","message":"","name":"C:/Users/mooya/develop/test/src/tests/ForceBuild.test.js"},{"assertionResults":[{"ancestorTitles":["Terrain Ghost House Test"],"fullName":"Terrain Ghost House Test should NOT accumulate ghost buildings (cleared during deserialize)","status":"passed","title":"should NOT accumulate ghost buildings (cleared during deserialize)","duration":56.577799999999115,"failureMessages":[],"meta":{}}],"startTime":1769959639368,"endTime":1769959639424.578,"status":"passed","message":"","name":"C:/Users/mooya/develop/test/src/tests/GhostHouse.test.js"},{"assertionResults":[{"ancestorTitles":["Goblin Activity & Persistence"],"fullName":"Goblin Activity & Persistence should spawn a goblin at a cave and persist effectively","status":"passed","title":"should spawn a goblin at a cave and persist effectively","duration":26.064400000001115,"failureMessages":[],"meta":{}}],"startTime":1769959640090,"endTime":1769959640116.0645,"status":"passed","message":"","name":"C:/Users/mooya/develop/test/src/tests/GoblinActivity.test.js"},{"assertionResults":[{"ancestorTitles":["Goblin Aggression Bug"],"fullName":"Goblin Aggression Bug should find target, chase, and attack","status":"passed","title":"should find target, chase, and attack","duration":13.130599999998594,"failureMessages":[],"meta":{}}],"startTime":1769959642521,"endTime":1769959642534.1306,"status":"passed","message":"","name":"C:/Users/mooya/develop/test/src/tests/GoblinAggression.test.js"},{"assertionResults":[{"ancestorTitles":["Goblin Real Building Destruction"],"fullName":"Goblin Real Building Destruction should damage building population","status":"passed","title":"should damage building population","duration":12.954599999999118,"failureMessages":[],"meta":{}},{"ancestorTitles":["Goblin Real Building Destruction"],"fullName":"Goblin Real Building Destruction should destroy building when Pop and HP reach zero","status":"passed","title":"should destroy building when Pop and HP reach zero","duration":4.450199999999313,"failureMessages":[],"meta":{}},{"ancestorTitles":["Goblin Real Building Destruction"],"fullName":"Goblin Real Building Destruction should NOT destroy if population remains high","status":"passed","title":"should NOT destroy if population remains high","duration":3.5244000000002416,"failureMessages":[],"meta":{}}],"startTime":1769959640857,"endTime":1769959640877.5244,"status":"passed","message":"","name":"C:/Users/mooya/develop/test/src/tests/GoblinDestruction.test.js"},{"assertionResults":[{"ancestorTitles":["Goblin Encounter Logic"],"fullName":"Goblin Encounter Logic Goblin should detect Worker within range and enter Combat","status":"passed","title":"Goblin should detect Worker within range and enter Combat","duration":310.4917000000005,"failureMessages":[],"meta":{}},{"ancestorTitles":["Goblin Encounter Logic"],"fullName":"Goblin Encounter Logic Goblin should prioritize Worker if Building is far, or attack Building if close","status":"passed","title":"Goblin should prioritize Worker if Building is far, or attack Building if close","duration":171.28539999999975,"failureMessages":[],"meta":{}},{"ancestorTitles":["Goblin Encounter Logic"],"fullName":"Goblin Encounter Logic Goblin should switch target to Worker if it encounters one while moving to a far Building","status":"passed","title":"Goblin should switch target to Worker if it encounters one while moving to a far Building","duration":170.52859999999964,"failureMessages":[],"meta":{}}],"startTime":1769959636181,"endTime":1769959636834.5286,"status":"passed","message":"","name":"C:/Users/mooya/develop/test/src/tests/GoblinEncounter.test.js"},{"assertionResults":[{"ancestorTitles":["Goblin Spawning Logic"],"fullName":"Goblin Spawning Logic should update building population","status":"failed","title":"should update building population","duration":13.69970000000012,"failureMessages":["AssertionError: expected 0.05 to be close to 0.25, received difference is 0.2, but expected 0.005\n    at C:/Users/mooya/develop/test/src/tests/GoblinFixes.test.js:134:42\n    at file:///C:/Users/mooya/develop/test/node_modules/@vitest/runner/dist/index.js:145:11\n    at file:///C:/Users/mooya/develop/test/node_modules/@vitest/runner/dist/index.js:915:26\n    at file:///C:/Users/mooya/develop/test/node_modules/@vitest/runner/dist/index.js:1240:20\n    at new Promise (<anonymous>)\n    at runWithTimeout (file:///C:/Users/mooya/develop/test/node_modules/@vitest/runner/dist/index.js:1206:10)\n    at file:///C:/Users/mooya/develop/test/node_modules/@vitest/runner/dist/index.js:1650:37\n    at Traces.$ (file:///C:/Users/mooya/develop/test/node_modules/vitest/dist/chunks/traces.U4xDYhzZ.js:115:27)\n    at trace (file:///C:/Users/mooya/develop/test/node_modules/vitest/dist/chunks/test.BT8LKgU9.js:239:21)\n    at runTest (file:///C:/Users/mooya/develop/test/node_modules/@vitest/runner/dist/index.js:1650:12)"],"meta":{}},{"ancestorTitles":["Goblin Spawning Logic"],"fullName":"Goblin Spawning Logic should synchronize clipping planes with controls.target when available","status":"failed","title":"should synchronize clipping planes with controls.target when available","duration":14.398699999999735,"failureMessages":["TypeError: Cannot read properties of undefined (reading 'constant')\n    at C:/Users/mooya/develop/test/src/tests/GoblinFixes.test.js:152:39\n    at file:///C:/Users/mooya/develop/test/node_modules/@vitest/runner/dist/index.js:145:11\n    at file:///C:/Users/mooya/develop/test/node_modules/@vitest/runner/dist/index.js:915:26\n    at file:///C:/Users/mooya/develop/test/node_modules/@vitest/runner/dist/index.js:1240:20\n    at new Promise (<anonymous>)\n    at runWithTimeout (file:///C:/Users/mooya/develop/test/node_modules/@vitest/runner/dist/index.js:1206:10)\n    at file:///C:/Users/mooya/develop/test/node_modules/@vitest/runner/dist/index.js:1650:37\n    at Traces.$ (file:///C:/Users/mooya/develop/test/node_modules/vitest/dist/chunks/traces.U4xDYhzZ.js:115:27)\n    at trace (file:///C:/Users/mooya/develop/test/node_modules/vitest/dist/chunks/test.BT8LKgU9.js:239:21)\n    at runTest (file:///C:/Users/mooya/develop/test/node_modules/@vitest/runner/dist/index.js:1650:12)"],"meta":{}}],"startTime":1769959633659,"endTime":1769959633687.3987,"status":"failed","message":"","name":"C:/Users/mooya/develop/test/src/tests/GoblinFixes.test.js"},{"assertionResults":[{"ancestorTitles":["Goblin Hut Destruction"],"fullName":"Goblin Hut Destruction should be destroyed when HP reaches 0","status":"passed","title":"should be destroyed when HP reaches 0","duration":4.507900000000518,"failureMessages":[],"meta":{}},{"ancestorTitles":["Goblin Hut Destruction"],"fullName":"Goblin Hut Destruction should be removed from Terrain by Game Loop logic","status":"passed","title":"should be removed from Terrain by Game Loop logic","duration":5.5526000000008935,"failureMessages":[],"meta":{}}],"startTime":1769959645099,"endTime":1769959645109.5525,"status":"passed","message":"","name":"C:/Users/mooya/develop/test/src/tests/GoblinHutDestruction.test.js"},{"assertionResults":[{"ancestorTitles":["Goblin Hut Fix"],"fullName":"Goblin Hut Fix should NOT trigger spawnCallback for goblin_hut even if overpopulated","status":"failed","title":"should NOT trigger spawnCallback for goblin_hut even if overpopulated","duration":412.4670000000001,"failureMessages":["TypeError: Cannot read properties of undefined (reading 'uniforms')\n    at Terrain.update (C:/Users/mooya/develop/test/src/Terrain.ts:2100:64)\n    at C:/Users/mooya/develop/test/src/tests/GoblinHutFix.test.js:50:17\n    at file:///C:/Users/mooya/develop/test/node_modules/@vitest/runner/dist/index.js:145:11\n    at file:///C:/Users/mooya/develop/test/node_modules/@vitest/runner/dist/index.js:915:26\n    at file:///C:/Users/mooya/develop/test/node_modules/@vitest/runner/dist/index.js:1240:20\n    at new Promise (<anonymous>)\n    at runWithTimeout (file:///C:/Users/mooya/develop/test/node_modules/@vitest/runner/dist/index.js:1206:10)\n    at file:///C:/Users/mooya/develop/test/node_modules/@vitest/runner/dist/index.js:1650:37\n    at Traces.$ (file:///C:/Users/mooya/develop/test/node_modules/vitest/dist/chunks/traces.U4xDYhzZ.js:115:27)\n    at trace (file:///C:/Users/mooya/develop/test/node_modules/vitest/dist/chunks/test.BT8LKgU9.js:239:21)"],"meta":{}},{"ancestorTitles":["Goblin Hut Fix"],"fullName":"Goblin Hut Fix should trigger spawnCallback for house when overpopulated (Control)","status":"failed","title":"should trigger spawnCallback for house when overpopulated (Control)","duration":211.59850000000006,"failureMessages":["TypeError: Cannot read properties of undefined (reading 'uniforms')\n    at Terrain.update (C:/Users/mooya/develop/test/src/Terrain.ts:2100:64)\n    at C:/Users/mooya/develop/test/src/tests/GoblinHutFix.test.js:79:17\n    at file:///C:/Users/mooya/develop/test/node_modules/@vitest/runner/dist/index.js:145:11\n    at file:///C:/Users/mooya/develop/test/node_modules/@vitest/runner/dist/index.js:915:26\n    at file:///C:/Users/mooya/develop/test/node_modules/@vitest/runner/dist/index.js:1240:20\n    at new Promise (<anonymous>)\n    at runWithTimeout (file:///C:/Users/mooya/develop/test/node_modules/@vitest/runner/dist/index.js:1206:10)\n    at file:///C:/Users/mooya/develop/test/node_modules/@vitest/runner/dist/index.js:1650:37\n    at Traces.$ (file:///C:/Users/mooya/develop/test/node_modules/vitest/dist/chunks/traces.U4xDYhzZ.js:115:27)\n    at trace (file:///C:/Users/mooya/develop/test/node_modules/vitest/dist/chunks/test.BT8LKgU9.js:239:21)"],"meta":{}}],"startTime":1769959631617,"endTime":1769959632241.5984,"status":"failed","message":"","name":"C:/Users/mooya/develop/test/src/tests/GoblinHutFix.test.js"},{"assertionResults":[{"ancestorTitles":["Goblin Mobilization Verification"],"fullName":"Goblin Mobilization Verification triggerWave should mobilize idle goblins","status":"passed","title":"triggerWave should mobilize idle goblins","duration":41.32090000000062,"failureMessages":[],"meta":{}},{"ancestorTitles":["Goblin Mobilization Verification"],"fullName":"Goblin Mobilization Verification mobilizeClan should rely on getClanRaidTarget fallback","status":"passed","title":"mobilizeClan should rely on getClanRaidTarget fallback","duration":21.015400000000227,"failureMessages":[],"meta":{}}],"startTime":1769959637840,"endTime":1769959637902.0154,"status":"passed","message":"","name":"C:/Users/mooya/develop/test/src/tests/GoblinMobilization.test.js"},{"assertionResults":[{"ancestorTitles":["Goblin Raid Expiry Persistence"],"fullName":"Goblin Raid Expiry Persistence should serialize and deserialize raidGoal timestamp","status":"passed","title":"should serialize and deserialize raidGoal timestamp","duration":42.96650000000045,"failureMessages":[],"meta":{}},{"ancestorTitles":["Goblin Raid Expiry Persistence"],"fullName":"Goblin Raid Expiry Persistence should expire RaidState after load if timestamp is preserved","status":"passed","title":"should expire RaidState after load if timestamp is preserved","duration":7.654200000000856,"failureMessages":[],"meta":{}}],"startTime":1769959639856,"endTime":1769959639906.6543,"status":"passed","message":"","name":"C:/Users/mooya/develop/test/src/tests/GoblinRaidExpiry.test.js"},{"assertionResults":[{"ancestorTitles":["Goblin Raid Threshold"],"fullName":"Goblin Raid Threshold should NOT activate raid on first aggression (1/3)","status":"passed","title":"should NOT activate raid on first aggression (1/3)","duration":32.17390000000023,"failureMessages":[],"meta":{}},{"ancestorTitles":["Goblin Raid Threshold"],"fullName":"Goblin Raid Threshold should activate raid on third aggression (3/3)","status":"failed","title":"should activate raid on third aggression (3/3)","duration":36.49629999999979,"failureMessages":["AssertionError: expected false to be true // Object.is equality\n    at C:/Users/mooya/develop/test/src/tests/GoblinRaidThreshold.test.js:61:52\n    at file:///C:/Users/mooya/develop/test/node_modules/@vitest/runner/dist/index.js:145:11\n    at file:///C:/Users/mooya/develop/test/node_modules/@vitest/runner/dist/index.js:915:26\n    at file:///C:/Users/mooya/develop/test/node_modules/@vitest/runner/dist/index.js:1240:20\n    at new Promise (<anonymous>)\n    at runWithTimeout (file:///C:/Users/mooya/develop/test/node_modules/@vitest/runner/dist/index.js:1206:10)\n    at file:///C:/Users/mooya/develop/test/node_modules/@vitest/runner/dist/index.js:1650:37\n    at Traces.$ (file:///C:/Users/mooya/develop/test/node_modules/vitest/dist/chunks/traces.U4xDYhzZ.js:115:27)\n    at trace (file:///C:/Users/mooya/develop/test/node_modules/vitest/dist/chunks/test.BT8LKgU9.js:239:21)\n    at runTest (file:///C:/Users/mooya/develop/test/node_modules/@vitest/runner/dist/index.js:1650:12)"],"meta":{}},{"ancestorTitles":["Goblin Raid Threshold"],"fullName":"Goblin Raid Threshold should decay aggression over time","status":"passed","title":"should decay aggression over time","duration":23.916099999999915,"failureMessages":[],"meta":{}},{"ancestorTitles":["Goblin Raid Threshold"],"fullName":"Goblin Raid Threshold should reset aggression decay if it drops below zero","status":"passed","title":"should reset aggression decay if it drops below zero","duration":7.459900000000289,"failureMessages":[],"meta":{}},{"ancestorTitles":["Goblin Raid Threshold"],"fullName":"Goblin Raid Threshold should DEACTIVATE raid state if aggression decays to zero","status":"failed","title":"should DEACTIVATE raid state if aggression decays to zero","duration":7.103799999999865,"failureMessages":["AssertionError: expected false to be true // Object.is equality\n    at C:/Users/mooya/develop/test/src/tests/GoblinRaidThreshold.test.js:109:29\n    at file:///C:/Users/mooya/develop/test/node_modules/@vitest/runner/dist/index.js:145:11\n    at file:///C:/Users/mooya/develop/test/node_modules/@vitest/runner/dist/index.js:915:26\n    at file:///C:/Users/mooya/develop/test/node_modules/@vitest/runner/dist/index.js:1240:20\n    at new Promise (<anonymous>)\n    at runWithTimeout (file:///C:/Users/mooya/develop/test/node_modules/@vitest/runner/dist/index.js:1206:10)\n    at file:///C:/Users/mooya/develop/test/node_modules/@vitest/runner/dist/index.js:1650:37\n    at Traces.$ (file:///C:/Users/mooya/develop/test/node_modules/vitest/dist/chunks/traces.U4xDYhzZ.js:115:27)\n    at trace (file:///C:/Users/mooya/develop/test/node_modules/vitest/dist/chunks/test.BT8LKgU9.js:239:21)\n    at runTest (file:///C:/Users/mooya/develop/test/node_modules/@vitest/runner/dist/index.js:1650:12)"],"meta":{}}],"startTime":1769959631658,"endTime":1769959631766.1038,"status":"failed","message":"","name":"C:/Users/mooya/develop/test/src/tests/GoblinRaidThreshold.test.js"},{"assertionResults":[{"ancestorTitles":["Goblin Hut Spawning"],"fullName":"Goblin Hut Spawning should spawn goblin when hut population reaches 10","status":"passed","title":"should spawn goblin when hut population reaches 10","duration":14.040399999999863,"failureMessages":[],"meta":{}},{"ancestorTitles":["Goblin Hut Spawning"],"fullName":"Goblin Hut Spawning should NOT spawn if Global Cap is reached","status":"passed","title":"should NOT spawn if Global Cap is reached","duration":14.895800000000236,"failureMessages":[],"meta":{}}],"startTime":1769959639349,"endTime":1769959639377.8958,"status":"passed","message":"","name":"C:/Users/mooya/develop/test/src/tests/GoblinSpawn.test.js"},{"assertionResults":[{"ancestorTitles":["Goblin Stats Verification"],"fullName":"Goblin Stats Verification Normal Goblin should have sufficient lifespan and speed","status":"passed","title":"Normal Goblin should have sufficient lifespan and speed","duration":11.875999999998385,"failureMessages":[],"meta":{}},{"ancestorTitles":["Goblin Stats Verification"],"fullName":"Goblin Stats Verification King Goblin should be long lived","status":"passed","title":"King Goblin should be long lived","duration":2.634599999999409,"failureMessages":[],"meta":{}}],"startTime":1769959644788,"endTime":1769959644803.6345,"status":"passed","message":"","name":"C:/Users/mooya/develop/test/src/tests/GoblinStats.test.js"},{"assertionResults":[{"ancestorTitles":["Goblin Combat and Stagnation"],"fullName":"Goblin Combat and Stagnation should blacklist unreachable targets and transition state","status":"passed","title":"should blacklist unreachable targets and transition state","duration":30.639900000000125,"failureMessages":[],"meta":{}},{"ancestorTitles":["Goblin Combat and Stagnation"],"fullName":"Goblin Combat and Stagnation should respect blacklist in findTarget","status":"passed","title":"should respect blacklist in findTarget","duration":2.0931999999993423,"failureMessages":[],"meta":{}},{"ancestorTitles":["Goblin Combat and Stagnation"],"fullName":"Goblin Combat and Stagnation should not stop movement if already fighting","status":"passed","title":"should not stop movement if already fighting","duration":1.2938000000012835,"failureMessages":[],"meta":{}}],"startTime":1769959643293,"endTime":1769959643327.2937,"status":"passed","message":"","name":"C:/Users/mooya/develop/test/src/tests/GoblinStuckness.test.js"},{"assertionResults":[{"ancestorTitles":["Goblin Types & Stats"],"fullName":"Goblin Types & Stats should create Goblin King with correct stats","status":"passed","title":"should create Goblin King with correct stats","duration":7.376800000000003,"failureMessages":[],"meta":{}},{"ancestorTitles":["Goblin Types & Stats"],"fullName":"Goblin Types & Stats should create Goblin Shaman with correct stats","status":"passed","title":"should create Goblin Shaman with correct stats","duration":2.2690999999995256,"failureMessages":[],"meta":{}},{"ancestorTitles":["Goblin Types & Stats"],"fullName":"Goblin Types & Stats should correctly spawn types based on random probability","status":"passed","title":"should correctly spawn types based on random probability","duration":32.660799999999654,"failureMessages":[],"meta":{}},{"ancestorTitles":["Goblin Types & Stats"],"fullName":"Goblin Types & Stats should use staff visual for Shaman in Renderer logic","status":"passed","title":"should use staff visual for Shaman in Renderer logic","duration":1.9913999999989755,"failureMessages":[],"meta":{}}],"startTime":1769959639449,"endTime":1769959639493.9915,"status":"passed","message":"","name":"C:/Users/mooya/develop/test/src/tests/GoblinTypes.test.js"},{"assertionResults":[{"ancestorTitles":["Terrain Grid Search Regression"],"fullName":"Terrain Grid Search Regression should find Worker when searching for \"unit\" using Grid Search (Large Scale Simulation)","status":"passed","title":"should find Worker when searching for \"unit\" using Grid Search (Large Scale Simulation)","duration":369.63689999999997,"failureMessages":[],"meta":{}},{"ancestorTitles":["Terrain Grid Search Regression"],"fullName":"Terrain Grid Search Regression should NOT find Sheep or Fish when searching for \"unit\"","status":"failed","title":"should NOT find Sheep or Fish when searching for \"unit\"","duration":226.50070000000005,"failureMessages":["AssertionError: expected { id: 101, gridX: 10, gridZ: 10, …(2) } to be null\n    at C:/Users/mooya/develop/test/src/tests/GridSearchRegression.test.js:71:24\n    at file:///C:/Users/mooya/develop/test/node_modules/@vitest/runner/dist/index.js:145:11\n    at file:///C:/Users/mooya/develop/test/node_modules/@vitest/runner/dist/index.js:915:26\n    at file:///C:/Users/mooya/develop/test/node_modules/@vitest/runner/dist/index.js:1240:20\n    at new Promise (<anonymous>)\n    at runWithTimeout (file:///C:/Users/mooya/develop/test/node_modules/@vitest/runner/dist/index.js:1206:10)\n    at file:///C:/Users/mooya/develop/test/node_modules/@vitest/runner/dist/index.js:1650:37\n    at Traces.$ (file:///C:/Users/mooya/develop/test/node_modules/vitest/dist/chunks/traces.U4xDYhzZ.js:115:27)\n    at trace (file:///C:/Users/mooya/develop/test/node_modules/vitest/dist/chunks/test.BT8LKgU9.js:239:21)\n    at runTest (file:///C:/Users/mooya/develop/test/node_modules/@vitest/runner/dist/index.js:1650:12)"],"meta":{}},{"ancestorTitles":["Terrain Grid Search Regression"],"fullName":"Terrain Grid Search Regression should NOT find Building when searching for unit","status":"passed","title":"should NOT find Building when searching for unit","duration":212.5562,"failureMessages":[],"meta":{}}],"startTime":1769959631617,"endTime":1769959632425.5562,"status":"failed","message":"","name":"C:/Users/mooya/develop/test/src/tests/GridSearchRegression.test.js"},{"assertionResults":[{"ancestorTitles":["Group Combat Simulations"],"fullName":"Group Combat Simulations Scenario: 5 Goblins vs 3 Workers (Close Match / Goblin Edge)","status":"passed","title":"Scenario: 5 Goblins vs 3 Workers (Close Match / Goblin Edge)","duration":23.661200000000463,"failureMessages":[],"meta":{}},{"ancestorTitles":["Group Combat Simulations"],"fullName":"Group Combat Simulations Scenario: 3 Knights vs 10 Goblins (Knights Stomp)","status":"passed","title":"Scenario: 3 Knights vs 10 Goblins (Knights Stomp)","duration":8.1762000000017,"failureMessages":[],"meta":{}},{"ancestorTitles":["Group Combat Simulations"],"fullName":"Group Combat Simulations Scenario: 3 Goblins vs 1 House (House Defends)","status":"passed","title":"Scenario: 3 Goblins vs 1 House (House Defends)","duration":3.9276000000008935,"failureMessages":[],"meta":{}},{"ancestorTitles":["Group Combat Simulations"],"fullName":"Group Combat Simulations Scenario: 5 Goblins vs 1 House (House Destroyed)","status":"passed","title":"Scenario: 5 Goblins vs 1 House (House Destroyed)","duration":5.356900000000678,"failureMessages":[],"meta":{}},{"ancestorTitles":["Group Combat Simulations"],"fullName":"Group Combat Simulations Scenario 5: King vs 1 Knight (Knight Wins)","status":"passed","title":"Scenario 5: King vs 1 Knight (Knight Wins)","duration":3.5452000000004773,"failureMessages":[],"meta":{}},{"ancestorTitles":["Group Combat Simulations"],"fullName":"Group Combat Simulations Scenario 6: King vs 20 Workers (Workers Swarm)","status":"passed","title":"Scenario 6: King vs 20 Workers (Workers Swarm)","duration":9.425700000001598,"failureMessages":[],"meta":{}},{"ancestorTitles":["Group Combat Simulations"],"fullName":"Group Combat Simulations Scenario 7: Shaman vs 1 Worker (Shaman Snipes)","status":"passed","title":"Scenario 7: Shaman vs 1 Worker (Shaman Snipes)","duration":2.838400000000547,"failureMessages":[],"meta":{}},{"ancestorTitles":["Group Combat Simulations"],"fullName":"Group Combat Simulations Scenario 8: King vs House (King Smashes)","status":"passed","title":"Scenario 8: King vs House (King Smashes)","duration":2.459899999999834,"failureMessages":[],"meta":{}},{"ancestorTitles":["Group Combat Simulations"],"fullName":"Group Combat Simulations Scenario 9: 3 Goblins vs Building Class House (House Defends)","status":"passed","title":"Scenario 9: 3 Goblins vs Building Class House (House Defends)","duration":6.432300000000396,"failureMessages":[],"meta":{}}],"startTime":1769959638693,"endTime":1769959638759.4324,"status":"passed","message":"","name":"C:/Users/mooya/develop/test/src/tests/GroupCombat.test.js"},{"assertionResults":[{"ancestorTitles":["HelpShowroom"],"fullName":"HelpShowroom should initialize renderers on instantiation","status":"passed","title":"should initialize renderers on instantiation","duration":11.052000000001499,"failureMessages":[],"meta":{}},{"ancestorTitles":["HelpShowroom"],"fullName":"HelpShowroom should update UnitRenderer when showing a worker","status":"passed","title":"should update UnitRenderer when showing a worker","duration":11.518500000000131,"failureMessages":[],"meta":{}},{"ancestorTitles":["HelpShowroom"],"fullName":"HelpShowroom should update GoblinRenderer when showing a goblin","status":"passed","title":"should update GoblinRenderer when showing a goblin","duration":6.647000000000844,"failureMessages":[],"meta":{}},{"ancestorTitles":["HelpShowroom"],"fullName":"HelpShowroom should update BuildingRenderer when showing a house","status":"passed","title":"should update BuildingRenderer when showing a house","duration":3.743000000000393,"failureMessages":[],"meta":{}}],"startTime":1769959640730,"endTime":1769959640763.743,"status":"passed","message":"","name":"C:/Users/mooya/develop/test/src/tests/HelpShowroom.test.js"},{"assertionResults":[{"ancestorTitles":["Global Battle Hotspots Logic"],"fullName":"Global Battle Hotspots Logic Clusters nearby battle reports","status":"passed","title":"Clusters nearby battle reports","duration":567.4222000000002,"failureMessages":[],"meta":{}},{"ancestorTitles":["Global Battle Hotspots Logic"],"fullName":"Global Battle Hotspots Logic Decays intensity","status":"passed","title":"Decays intensity","duration":6.738100000000031,"failureMessages":[],"meta":{}},{"ancestorTitles":["Global Battle Hotspots Logic"],"fullName":"Global Battle Hotspots Logic Mobilizes idle squads to intense hotspots (Updated Threshold)","status":"failed","title":"Mobilizes idle squads to intense hotspots (Updated Threshold)","duration":9.959100000000035,"failureMessages":["AssertionError: expected \"vi.fn()\" to be called with arguments: [ 1, 100, 20 ]\u001b[90m\n\nNumber of calls: \u001b[1m0\u001b[22m\n\u001b[39m\n    at Proxy.<anonymous> (file:///C:/Users/mooya/develop/test/node_modules/@vitest/expect/dist/index.js:1420:10)\n    at Proxy.<anonymous> (file:///C:/Users/mooya/develop/test/node_modules/@vitest/expect/dist/index.js:1090:14)\n    at Proxy.methodWrapper (file:///C:/Users/mooya/develop/test/node_modules/chai/index.js:1700:25)\n    at C:/Users/mooya/develop/test/src/tests/Hotspot.test.js:68:31\n    at file:///C:/Users/mooya/develop/test/node_modules/@vitest/runner/dist/index.js:915:20"],"meta":{}},{"ancestorTitles":["Global Battle Hotspots Logic"],"fullName":"Global Battle Hotspots Logic Triggers autonomous patrol for idle Knights","status":"failed","title":"Triggers autonomous patrol for idle Knights","duration":6.264400000000023,"failureMessages":["AssertionError: expected 'Idle' to be 'Patrolling' // Object.is equality\n    at C:/Users/mooya/develop/test/src/tests/Hotspot.test.js:116:33\n    at file:///C:/Users/mooya/develop/test/node_modules/@vitest/runner/dist/index.js:915:20"],"meta":{}},{"ancestorTitles":["Global Battle Hotspots Logic"],"fullName":"Global Battle Hotspots Logic Mobilizes idle squads","status":"failed","title":"Mobilizes idle squads","duration":1.125999999999749,"failureMessages":["AssertionError: expected \"vi.fn()\" to be called with arguments: [ 1, 50, 50 ]\u001b[90m\n\nNumber of calls: \u001b[1m0\u001b[22m\n\u001b[39m\n    at Proxy.<anonymous> (file:///C:/Users/mooya/develop/test/node_modules/@vitest/expect/dist/index.js:1420:10)\n    at Proxy.<anonymous> (file:///C:/Users/mooya/develop/test/node_modules/@vitest/expect/dist/index.js:1090:14)\n    at Proxy.methodWrapper (file:///C:/Users/mooya/develop/test/node_modules/chai/index.js:1700:25)\n    at C:/Users/mooya/develop/test/src/tests/Hotspot.test.js:136:31\n    at file:///C:/Users/mooya/develop/test/node_modules/@vitest/runner/dist/index.js:915:20"],"meta":{}},{"ancestorTitles":["Global Battle Hotspots Logic"],"fullName":"Global Battle Hotspots Logic Does not mobilize across regions","status":"passed","title":"Does not mobilize across regions","duration":0.679700000000139,"failureMessages":[],"meta":{}}],"startTime":1769959631313,"endTime":1769959631906.6797,"status":"failed","message":"","name":"C:/Users/mooya/develop/test/src/tests/Hotspot.test.js"},{"assertionResults":[{"ancestorTitles":["Human Spawning Survival"],"fullName":"Human Spawning Survival should allow population growth (slowly) even with 0 food","status":"failed","title":"should allow population growth (slowly) even with 0 food","duration":423.3719000000001,"failureMessages":["TypeError: Cannot read properties of undefined (reading 'uniforms')\n    at Terrain.update (C:/Users/mooya/develop/test/src/Terrain.ts:2100:64)\n    at C:/Users/mooya/develop/test/src/tests/HumanSpawningSurvival.test.js:47:17\n    at file:///C:/Users/mooya/develop/test/node_modules/@vitest/runner/dist/index.js:145:11\n    at file:///C:/Users/mooya/develop/test/node_modules/@vitest/runner/dist/index.js:915:26\n    at file:///C:/Users/mooya/develop/test/node_modules/@vitest/runner/dist/index.js:1240:20\n    at new Promise (<anonymous>)\n    at runWithTimeout (file:///C:/Users/mooya/develop/test/node_modules/@vitest/runner/dist/index.js:1206:10)\n    at file:///C:/Users/mooya/develop/test/node_modules/@vitest/runner/dist/index.js:1650:37\n    at Traces.$ (file:///C:/Users/mooya/develop/test/node_modules/vitest/dist/chunks/traces.U4xDYhzZ.js:115:27)\n    at trace (file:///C:/Users/mooya/develop/test/node_modules/vitest/dist/chunks/test.BT8LKgU9.js:239:21)"],"meta":{}}],"startTime":1769959631617,"endTime":1769959632040.3718,"status":"failed","message":"","name":"C:/Users/mooya/develop/test/src/tests/HumanSpawningSurvival.test.js"},{"assertionResults":[{"ancestorTitles":["Unit Combat Hysteresis (Stickiness)"],"fullName":"Unit Combat Hysteresis (Stickiness) should stay focused on existing targetRaidPoint despite a slightly closer new hotspot","status":"passed","title":"should stay focused on existing targetRaidPoint despite a slightly closer new hotspot","duration":12.563000000000102,"failureMessages":[],"meta":{}},{"ancestorTitles":["Unit Combat Hysteresis (Stickiness)"],"fullName":"Unit Combat Hysteresis (Stickiness) should switch target if the new hotspot is significantly closer (beyond hysteresis)","status":"passed","title":"should switch target if the new hotspot is significantly closer (beyond hysteresis)","duration":1.7435999999997875,"failureMessages":[],"meta":{}},{"ancestorTitles":["Unit Combat Hysteresis (Stickiness)"],"fullName":"Unit Combat Hysteresis (Stickiness) should apply stickiness during checkSelfDefense for entities","status":"passed","title":"should apply stickiness during checkSelfDefense for entities","duration":2.3671999999987747,"failureMessages":[],"meta":{}}],"startTime":1769959644618,"endTime":1769959644634.3672,"status":"passed","message":"","name":"C:/Users/mooya/develop/test/src/tests/Hysteresis.test.js"},{"assertionResults":[{"ancestorTitles":["Job/Moving Idle Regression"],"fullName":"Job/Moving Idle Regression should NOT abandon Job when smartMove is throttled (Time Slicing)","status":"passed","title":"should NOT abandon Job when smartMove is throttled (Time Slicing)","duration":15.341899999999441,"failureMessages":[],"meta":{}},{"ancestorTitles":["Job/Moving Idle Regression"],"fullName":"Job/Moving Idle Regression should NOT increment stuckTimer when smartMove is throttled","status":"passed","title":"should NOT increment stuckTimer when smartMove is throttled","duration":5.543600000000879,"failureMessages":[],"meta":{}},{"ancestorTitles":["Job/Moving Idle Regression"],"fullName":"Job/Moving Idle Regression should NOT revert action to \"Moving\" if already \"Approaching Job\"","status":"passed","title":"should NOT revert action to \"Moving\" if already \"Approaching Job\"","duration":3.3621000000002823,"failureMessages":[],"meta":{}},{"ancestorTitles":["Job/Moving Idle Regression"],"fullName":"Job/Moving Idle Regression should NOT execute updateCombatLogic if State Machine is active","status":"passed","title":"should NOT execute updateCombatLogic if State Machine is active","duration":1.6340000000000146,"failureMessages":[],"meta":{}}],"startTime":1769959642030,"endTime":1769959642056.634,"status":"passed","message":"","name":"C:/Users/mooya/develop/test/src/tests/IdleRegression.test.js"},{"assertionResults":[{"ancestorTitles":["Unit Interrupt and Resume"],"fullName":"Unit Interrupt and Resume should return to previous movement target after finishing a job","status":"failed","title":"should return to previous movement target after finishing a job","duration":25.61699999999928,"failureMessages":["AssertionError: expected undefined to be defined\n    at C:/Users/mooya/develop/test/src/tests/InterruptResume.test.js:118:40\n    at file:///C:/Users/mooya/develop/test/node_modules/@vitest/runner/dist/index.js:915:20"],"meta":{}},{"ancestorTitles":["Unit Interrupt and Resume"],"fullName":"Unit Interrupt and Resume should resume MIGRATION after Combat interruption","status":"failed","title":"should resume MIGRATION after Combat interruption","duration":3.898400000000038,"failureMessages":["ReferenceError: combatState is not defined\n    at C:/Users/mooya/develop/test/src/tests/InterruptResume.test.js:157:9\n    at file:///C:/Users/mooya/develop/test/node_modules/@vitest/runner/dist/index.js:145:11\n    at file:///C:/Users/mooya/develop/test/node_modules/@vitest/runner/dist/index.js:915:26\n    at file:///C:/Users/mooya/develop/test/node_modules/@vitest/runner/dist/index.js:1240:20\n    at new Promise (<anonymous>)\n    at runWithTimeout (file:///C:/Users/mooya/develop/test/node_modules/@vitest/runner/dist/index.js:1206:10)\n    at file:///C:/Users/mooya/develop/test/node_modules/@vitest/runner/dist/index.js:1650:37\n    at Traces.$ (file:///C:/Users/mooya/develop/test/node_modules/vitest/dist/chunks/traces.U4xDYhzZ.js:115:27)\n    at trace (file:///C:/Users/mooya/develop/test/node_modules/vitest/dist/chunks/test.BT8LKgU9.js:239:21)\n    at runTest (file:///C:/Users/mooya/develop/test/node_modules/@vitest/runner/dist/index.js:1650:12)"],"meta":{}}],"startTime":1769959634468,"endTime":1769959634497.8984,"status":"failed","message":"","name":"C:/Users/mooya/develop/test/src/tests/InterruptResume.test.js"},{"assertionResults":[{"ancestorTitles":["Movement Jitter Investigation"],"fullName":"Movement Jitter Investigation should monitor limb state between tile arrivals","status":"failed","title":"should monitor limb state between tile arrivals","duration":52.61680000000024,"failureMessages":["AssertionError: expected true to be false // Object.is equality\n    at C:/Users/mooya/develop/test/src/tests/JitterInvestigation.test.js:96:31\n    at file:///C:/Users/mooya/develop/test/node_modules/@vitest/runner/dist/index.js:915:20"],"meta":{}},{"ancestorTitles":["Movement Jitter Investigation"],"fullName":"Movement Jitter Investigation should check if executeMove mid-move resets speed significantly","status":"failed","title":"should check if executeMove mid-move resets speed significantly","duration":6.484000000000378,"failureMessages":["AssertionError: expected 6 to be close to 3, received difference is 3, but expected 0.4456254690668728\n    at C:/Users/mooya/develop/test/src/tests/JitterInvestigation.test.js:123:35\n    at file:///C:/Users/mooya/develop/test/node_modules/@vitest/runner/dist/index.js:145:11\n    at file:///C:/Users/mooya/develop/test/node_modules/@vitest/runner/dist/index.js:915:26\n    at file:///C:/Users/mooya/develop/test/node_modules/@vitest/runner/dist/index.js:1240:20\n    at new Promise (<anonymous>)\n    at runWithTimeout (file:///C:/Users/mooya/develop/test/node_modules/@vitest/runner/dist/index.js:1206:10)\n    at file:///C:/Users/mooya/develop/test/node_modules/@vitest/runner/dist/index.js:1650:37\n    at Traces.$ (file:///C:/Users/mooya/develop/test/node_modules/vitest/dist/chunks/traces.U4xDYhzZ.js:115:27)\n    at trace (file:///C:/Users/mooya/develop/test/node_modules/vitest/dist/chunks/test.BT8LKgU9.js:239:21)\n    at runTest (file:///C:/Users/mooya/develop/test/node_modules/@vitest/runner/dist/index.js:1650:12)"],"meta":{}}],"startTime":1769959633285,"endTime":1769959633344.484,"status":"failed","message":"","name":"C:/Users/mooya/develop/test/src/tests/JitterInvestigation.test.js"},{"assertionResults":[{"ancestorTitles":["Job Approach Threshold"],"fullName":"Job Approach Threshold should complete job if distance is 1.4 (within 1.5 threshold)","status":"passed","title":"should complete job if distance is 1.4 (within 1.5 threshold)","duration":12.732700000000477,"failureMessages":[],"meta":{}},{"ancestorTitles":["Job Approach Threshold"],"fullName":"Job Approach Threshold should NOT complete job if distance is 1.6 (outside 1.5 threshold)","status":"passed","title":"should NOT complete job if distance is 1.6 (outside 1.5 threshold)","duration":1.391299999999319,"failureMessages":[],"meta":{}}],"startTime":1769959643397,"endTime":1769959643411.3914,"status":"passed","message":"","name":"C:/Users/mooya/develop/test/src/tests/JobApproachThreshold.test.js"},{"assertionResults":[{"ancestorTitles":["Job Assignment & Continuation"],"fullName":"Job Assignment & Continuation should release old job when a new job is claimed (Sequential assignment)","status":"passed","title":"should release old job when a new job is claimed (Sequential assignment)","duration":3.1304000000000087,"failureMessages":[],"meta":{}},{"ancestorTitles":["Job Assignment & Continuation"],"fullName":"Job Assignment & Continuation should continue to the next nearby job after completing current one (Chaining)","status":"passed","title":"should continue to the next nearby job after completing current one (Chaining)","duration":1.1520000000000437,"failureMessages":[],"meta":{}},{"ancestorTitles":["Job Assignment & Continuation"],"fullName":"Job Assignment & Continuation should properly interrupt and change state if a job is snatched by another unit","status":"passed","title":"should properly interrupt and change state if a job is snatched by another unit","duration":1.0853000000006432,"failureMessages":[],"meta":{}}],"startTime":1769959644935,"endTime":1769959644941.0852,"status":"passed","message":"","name":"C:/Users/mooya/develop/test/src/tests/JobAssignment.test.js"},{"assertionResults":[{"ancestorTitles":["Job Assignment Idempotency"],"fullName":"Job Assignment Idempotency should NOT reset movement if claiming the same job twice","status":"failed","title":"should NOT reset movement if claiming the same job twice","duration":85.48270000000002,"failureMessages":["RangeError: Maximum call stack size exceeded\n    at Mock (file:///C:/Users/mooya/develop/test/node_modules/@vitest/spy/dist/index.js:243:18)\n    at C:/Users/mooya/develop/test/src/tests/JobIdempotency.test.js:138:17\n    at Mock (file:///C:/Users/mooya/develop/test/node_modules/@vitest/spy/dist/index.js:285:34)\n    at C:/Users/mooya/develop/test/src/tests/JobIdempotency.test.js:138:17\n    at Mock (file:///C:/Users/mooya/develop/test/node_modules/@vitest/spy/dist/index.js:285:34)\n    at C:/Users/mooya/develop/test/src/tests/JobIdempotency.test.js:138:17\n    at Mock (file:///C:/Users/mooya/develop/test/node_modules/@vitest/spy/dist/index.js:285:34)\n    at C:/Users/mooya/develop/test/src/tests/JobIdempotency.test.js:138:17\n    at Mock (file:///C:/Users/mooya/develop/test/node_modules/@vitest/spy/dist/index.js:285:34)\n    at C:/Users/mooya/develop/test/src/tests/JobIdempotency.test.js:138:17"],"meta":{}}],"startTime":1769959631893,"endTime":1769959631978.4827,"status":"failed","message":"","name":"C:/Users/mooya/develop/test/src/tests/JobIdempotency.test.js"},{"assertionResults":[{"ancestorTitles":["Job Pathfinding Failure Handling"],"fullName":"Job Pathfinding Failure Handling should abandon job if smartMove fails repeatedly","status":"passed","title":"should abandon job if smartMove fails repeatedly","duration":44.31960000000072,"failureMessages":[],"meta":{}}],"startTime":1769959639681,"endTime":1769959639725.3196,"status":"passed","message":"","name":"C:/Users/mooya/develop/test/src/tests/JobPathFailure.test.js"},{"assertionResults":[{"ancestorTitles":["Job Reassignment on Death"],"fullName":"Job Reassignment on Death should reassign job when original worker dies","status":"passed","title":"should reassign job when original worker dies","duration":35.66269999999895,"failureMessages":[],"meta":{}}],"startTime":1769959640173,"endTime":1769959640208.6626,"status":"passed","message":"","name":"C:/Users/mooya/develop/test/src/tests/JobReassignment.test.js"},{"assertionResults":[{"ancestorTitles":["Knight Mobilization Debug"],"fullName":"Knight Mobilization Debug should mobilize to global hotspot in SAME region","status":"passed","title":"should mobilize to global hotspot in SAME region","duration":8.109200000000783,"failureMessages":[],"meta":{}},{"ancestorTitles":["Knight Mobilization Debug"],"fullName":"Knight Mobilization Debug should IGNORE global hotspot in DIFFERENT region if no proxy found","status":"passed","title":"should IGNORE global hotspot in DIFFERENT region if no proxy found","duration":2.3153000000002066,"failureMessages":[],"meta":{}},{"ancestorTitles":["Knight Mobilization Debug"],"fullName":"Knight Mobilization Debug should USE PROXY for global hotspot in DIFFERENT region","status":"passed","title":"should USE PROXY for global hotspot in DIFFERENT region","duration":2.521200000001045,"failureMessages":[],"meta":{}}],"startTime":1769959644111,"endTime":1769959644124.5212,"status":"passed","message":"","name":"C:/Users/mooya/develop/test/src/tests/KnightMobilization.test.js"},{"assertionResults":[{"ancestorTitles":["BuildingRenderer Lighting"],"fullName":"BuildingRenderer Lighting should turn on barracks lights at night","status":"passed","title":"should turn on barracks lights at night","duration":26.926500000001397,"failureMessages":[],"meta":{}}],"startTime":1769959640933,"endTime":1769959640959.9265,"status":"passed","message":"","name":"C:/Users/mooya/develop/test/src/tests/Lighting.test.js"},{"assertionResults":[{"ancestorTitles":["Post-Load Jitabata Reproduction"],"fullName":"Post-Load Jitabata Reproduction should NOT flap between Job and Wander after load","status":"failed","title":"should NOT flap between Job and Wander after load","duration":366.24170000000004,"failureMessages":["AssertionError: Unit should NOT wander. History: Job -> Wander -> Wander -> Wander -> Wander -> Wander -> Wander -> Wander -> Wander -> Wander -> Wander -> Wander -> Wander -> Wander -> Wander -> Wander -> Wander -> Wander -> Wander -> Wander: expected true to be false // Object.is equality\n    at C:/Users/mooya/develop/test/src/tests/LoadJitabata.test.js:121:90\n    at file:///C:/Users/mooya/develop/test/node_modules/@vitest/runner/dist/index.js:915:20"],"meta":{}}],"startTime":1769959631888,"endTime":1769959632254.2417,"status":"failed","message":"","name":"C:/Users/mooya/develop/test/src/tests/LoadJitabata.test.js"},{"assertionResults":[{"ancestorTitles":["Load Update Loop Integration"],"fullName":"Load Update Loop Integration should maintain Job after first update loop post-load","status":"failed","title":"should maintain Job after first update loop post-load","duration":19.821200000000317,"failureMessages":["Error: [vitest] No \"Clock\" export is defined on the \"three\" mock. Did you forget to return it from \"vi.mock\"?\nIf you need to partially mock a module, you can use \"importOriginal\" helper inside:\n\n    at VitestMocker.createError (file:///C:/Users/mooya/develop/test/node_modules/vitest/dist/chunks/startModuleRunner.Iz2V0ESw.js:311:17)\n    at Object.get (file:///C:/Users/mooya/develop/test/node_modules/vitest/dist/chunks/startModuleRunner.Iz2V0ESw.js:384:16)\n    at new Game (C:/Users/mooya/develop/test/src/Game.ts:399:36)\n    at C:/Users/mooya/develop/test/src/tests/LoadUpdateLoop.test.js:150:16\n    at file:///C:/Users/mooya/develop/test/node_modules/@vitest/runner/dist/index.js:145:11\n    at file:///C:/Users/mooya/develop/test/node_modules/@vitest/runner/dist/index.js:1240:20\n    at new Promise (<anonymous>)\n    at runWithTimeout (file:///C:/Users/mooya/develop/test/node_modules/@vitest/runner/dist/index.js:1206:10)\n    at runHook (file:///C:/Users/mooya/develop/test/node_modules/@vitest/runner/dist/index.js:1511:51)\n    at callSuiteHook (file:///C:/Users/mooya/develop/test/node_modules/@vitest/runner/dist/index.js:1517:25)"],"meta":{}}],"startTime":1769959634556,"endTime":1769959634575.8213,"status":"failed","message":"","name":"C:/Users/mooya/develop/test/src/tests/LoadUpdateLoop.test.js"},{"assertionResults":[{"ancestorTitles":["Mana System"],"fullName":"Mana System should block actions when mana is negative","status":"passed","title":"should block actions when mana is negative","duration":2.8995999999997366,"failureMessages":[],"meta":{}},{"ancestorTitles":["Mana System"],"fullName":"Mana System should allow actions when mana is positive","status":"passed","title":"should allow actions when mana is positive","duration":0.6948999999999614,"failureMessages":[],"meta":{}},{"ancestorTitles":["Mana System"],"fullName":"Mana System should consume mana correctly","status":"passed","title":"should consume mana correctly","duration":3.7130999999999403,"failureMessages":[],"meta":{}},{"ancestorTitles":["Mana System","InputManager Integration"],"fullName":"Mana System InputManager Integration should consume mana on raise terrain","status":"failed","title":"should consume mana on raise terrain","duration":27.15610000000015,"failureMessages":["TypeError: Cannot read properties of undefined (reading 'color')\n    at InputManager.updateCursor (C:/Users/mooya/develop/test/src/InputManager.js:422:38)\n    at InputManager.handleInteraction (C:/Users/mooya/develop/test/src/InputManager.js:592:14)\n    at C:/Users/mooya/develop/test/src/tests/ManaSystem.test.js:83:26\n    at file:///C:/Users/mooya/develop/test/node_modules/@vitest/runner/dist/index.js:145:11\n    at file:///C:/Users/mooya/develop/test/node_modules/@vitest/runner/dist/index.js:915:26\n    at file:///C:/Users/mooya/develop/test/node_modules/@vitest/runner/dist/index.js:1240:20\n    at new Promise (<anonymous>)\n    at runWithTimeout (file:///C:/Users/mooya/develop/test/node_modules/@vitest/runner/dist/index.js:1206:10)\n    at file:///C:/Users/mooya/develop/test/node_modules/@vitest/runner/dist/index.js:1650:37\n    at Traces.$ (file:///C:/Users/mooya/develop/test/node_modules/vitest/dist/chunks/traces.U4xDYhzZ.js:115:27)"],"meta":{}},{"ancestorTitles":["Mana System","InputManager Integration"],"fullName":"Mana System InputManager Integration should block raise terrain if mana is negative","status":"passed","title":"should block raise terrain if mana is negative","duration":2.801800000000185,"failureMessages":[],"meta":{}}],"s
[...]
eckSelfDefense based on ID and Frame","duration":13.680099999999584,"failureMessages":["AssertionError: expected \"vi.fn()\" to be called at least once\n    at Proxy.<anonymous> (file:///C:/Users/mooya/develop/test/node_modules/@vitest/expect/dist/index.js:1400:10)\n    at Proxy.<anonymous> (file:///C:/Users/mooya/develop/test/node_modules/@vitest/expect/dist/index.js:1090:14)\n    at Proxy.methodWrapper (file:///C:/Users/mooya/develop/test/node_modules/chai/index.js:1700:25)\n    at C:/Users/mooya/develop/test/src/tests/UnitPerformance.test.js:56:40\n    at file:///C:/Users/mooya/develop/test/node_modules/@vitest/runner/dist/index.js:145:11\n    at file:///C:/Users/mooya/develop/test/node_modules/@vitest/runner/dist/index.js:915:26\n    at file:///C:/Users/mooya/develop/test/node_modules/@vitest/runner/dist/index.js:1240:20\n    at new Promise (<anonymous>)\n    at runWithTimeout (file:///C:/Users/mooya/develop/test/node_modules/@vitest/runner/dist/index.js:1206:10)\n    at file:///C:/Users/mooya/develop/test/node_modules/@vitest/runner/dist/index.js:1650:37"],"meta":{}},{"ancestorTitles":["Unit Performance Optimization"],"fullName":"Unit Performance Optimization should skip searchSurroundings for busy workers","status":"passed","title":"should skip searchSurroundings for busy workers","duration":2.5630999999993946,"failureMessages":[],"meta":{}},{"ancestorTitles":["Unit Performance Optimization"],"fullName":"Unit Performance Optimization should throttle searchSurroundings for idle units","status":"passed","title":"should throttle searchSurroundings for idle units","duration":0.9700000000002547,"failureMessages":[],"meta":{}}],"startTime":1769959634610,"endTime":1769959634627.97,"status":"failed","message":"","name":"C:/Users/mooya/develop/test/src/tests/UnitPerformance.test.js"},{"assertionResults":[{"ancestorTitles":["Unit Snatching and Race Conditions"],"fullName":"Unit Snatching and Race Conditions should stop and wander if another unit snatches its job","status":"failed","title":"should stop and wander if another unit snatches its job","duration":20.868900000000394,"failureMessages":["AssertionError: Unit should stop moving: expected true to be false // Object.is equality\n    at C:/Users/mooya/develop/test/src/tests/UnitSnatch.test.js:65:58\n    at file:///C:/Users/mooya/develop/test/node_modules/@vitest/runner/dist/index.js:145:11\n    at file:///C:/Users/mooya/develop/test/node_modules/@vitest/runner/dist/index.js:915:26\n    at file:///C:/Users/mooya/develop/test/node_modules/@vitest/runner/dist/index.js:1240:20\n    at new Promise (<anonymous>)\n    at runWithTimeout (file:///C:/Users/mooya/develop/test/node_modules/@vitest/runner/dist/index.js:1206:10)\n    at file:///C:/Users/mooya/develop/test/node_modules/@vitest/runner/dist/index.js:1650:37\n    at Traces.$ (file:///C:/Users/mooya/develop/test/node_modules/vitest/dist/chunks/traces.U4xDYhzZ.js:115:27)\n    at trace (file:///C:/Users/mooya/develop/test/node_modules/vitest/dist/chunks/test.BT8LKgU9.js:239:21)\n    at runTest (file:///C:/Users/mooya/develop/test/node_modules/@vitest/runner/dist/index.js:1650:12)"],"meta":{}},{"ancestorTitles":["Unit Snatching and Race Conditions"],"fullName":"Unit Snatching and Race Conditions should stop if the job is completed by someone else","status":"failed","title":"should stop if the job is completed by someone else","duration":3.091500000000451,"failureMessages":["AssertionError: Unit should stop moving on completion: expected true to be false // Object.is equality\n    at C:/Users/mooya/develop/test/src/tests/UnitSnatch.test.js:84:72\n    at file:///C:/Users/mooya/develop/test/node_modules/@vitest/runner/dist/index.js:145:11\n    at file:///C:/Users/mooya/develop/test/node_modules/@vitest/runner/dist/index.js:915:26\n    at file:///C:/Users/mooya/develop/test/node_modules/@vitest/runner/dist/index.js:1240:20\n    at new Promise (<anonymous>)\n    at runWithTimeout (file:///C:/Users/mooya/develop/test/node_modules/@vitest/runner/dist/index.js:1206:10)\n    at file:///C:/Users/mooya/develop/test/node_modules/@vitest/runner/dist/index.js:1650:37\n    at Traces.$ (file:///C:/Users/mooya/develop/test/node_modules/vitest/dist/chunks/traces.U4xDYhzZ.js:115:27)\n    at trace (file:///C:/Users/mooya/develop/test/node_modules/vitest/dist/chunks/test.BT8LKgU9.js:239:21)\n    at runTest (file:///C:/Users/mooya/develop/test/node_modules/@vitest/runner/dist/index.js:1650:12)"],"meta":{}}],"startTime":1769959634546,"endTime":1769959634570.0916,"status":"failed","message":"","name":"C:/Users/mooya/develop/test/src/tests/UnitSnatch.test.js"},{"assertionResults":[{"ancestorTitles":["Unit AI Stress Testing"],"fullName":"Unit AI Stress Testing should handle 100 units starting distant jobs simultaneously without dropping tasks","status":"failed","title":"should handle 100 units starting distant jobs simultaneously without dropping tasks","duration":129.28489999999965,"failureMessages":["ReferenceError: JobState is not defined\n    at C:/Users/mooya/develop/test/src/tests/UnitStress.test.js:77:59\n    at Array.forEach (<anonymous>)\n    at C:/Users/mooya/develop/test/src/tests/UnitStress.test.js:77:15\n    at file:///C:/Users/mooya/develop/test/node_modules/@vitest/runner/dist/index.js:145:11\n    at file:///C:/Users/mooya/develop/test/node_modules/@vitest/runner/dist/index.js:915:26\n    at file:///C:/Users/mooya/develop/test/node_modules/@vitest/runner/dist/index.js:1240:20\n    at new Promise (<anonymous>)\n    at runWithTimeout (file:///C:/Users/mooya/develop/test/node_modules/@vitest/runner/dist/index.js:1206:10)\n    at file:///C:/Users/mooya/develop/test/node_modules/@vitest/runner/dist/index.js:1650:37\n    at Traces.$ (file:///C:/Users/mooya/develop/test/node_modules/vitest/dist/chunks/traces.U4xDYhzZ.js:115:27)"],"meta":{}},{"ancestorTitles":["Unit AI Stress Testing"],"fullName":"Unit AI Stress Testing should eventually reach target even with extreme congestion (low budget)","status":"failed","title":"should eventually reach target even with extreme congestion (low budget)","duration":42.4680000000003,"failureMessages":["ReferenceError: JobState is not defined\n    at C:/Users/mooya/develop/test/src/tests/UnitStress.test.js:181:44\n    at Array.forEach (<anonymous>)\n    at C:/Users/mooya/develop/test/src/tests/UnitStress.test.js:180:15\n    at file:///C:/Users/mooya/develop/test/node_modules/@vitest/runner/dist/index.js:915:20"],"meta":{}}],"startTime":1769959631883,"endTime":1769959632055.468,"status":"failed","message":"","name":"C:/Users/mooya/develop/test/src/tests/UnitStress.test.js"},{"assertionResults":[{"ancestorTitles":["UnitRenderer Visibility"],"fullName":"UnitRenderer Visibility should set matrix with valid scale when unit is visible","status":"failed","title":"should set matrix with valid scale when unit is visible","duration":35.071699999999964,"failureMessages":["AssertionError: expected 0 to be greater than 0.1\n    at C:/Users/mooya/develop/test/src/tests/UnitVisibility.test.js:97:24\n    at file:///C:/Users/mooya/develop/test/node_modules/@vitest/runner/dist/index.js:145:11\n    at file:///C:/Users/mooya/develop/test/node_modules/@vitest/runner/dist/index.js:915:26\n    at file:///C:/Users/mooya/develop/test/node_modules/@vitest/runner/dist/index.js:1240:20\n    at new Promise (<anonymous>)\n    at runWithTimeout (file:///C:/Users/mooya/develop/test/node_modules/@vitest/runner/dist/index.js:1206:10)\n    at file:///C:/Users/mooya/develop/test/node_modules/@vitest/runner/dist/index.js:1650:37\n    at Traces.$ (file:///C:/Users/mooya/develop/test/node_modules/vitest/dist/chunks/traces.U4xDYhzZ.js:115:27)\n    at trace (file:///C:/Users/mooya/develop/test/node_modules/vitest/dist/chunks/test.BT8LKgU9.js:239:21)\n    at runTest (file:///C:/Users/mooya/develop/test/node_modules/@vitest/runner/dist/index.js:1650:12)"],"meta":{}},{"ancestorTitles":["UnitRenderer Visibility"],"fullName":"UnitRenderer Visibility should render correct count of instances","status":"passed","title":"should render correct count of instances","duration":13.23680000000013,"failureMessages":[],"meta":{}}],"startTime":1769959633190,"endTime":1769959633238.2368,"status":"failed","message":"","name":"C:/Users/mooya/develop/test/src/tests/UnitVisibility.test.js"},{"assertionResults":[{"ancestorTitles":["Unit Movement Wrapping"],"fullName":"Unit Movement Wrapping should move normally for short distances","status":"passed","title":"should move normally for short distances","duration":7.540100000000166,"failureMessages":[],"meta":{}},{"ancestorTitles":["Unit Movement Wrapping"],"fullName":"Unit Movement Wrapping should wrap LEFT if target is across right boundary","status":"passed","title":"should wrap LEFT if target is across right boundary","duration":3.0737000000008265,"failureMessages":[],"meta":{}},{"ancestorTitles":["Unit Movement Wrapping"],"fullName":"Unit Movement Wrapping should wrap RIGHT if target is across left boundary","status":"passed","title":"should wrap RIGHT if target is across left boundary","duration":3.635099999999511,"failureMessages":[],"meta":{}},{"ancestorTitles":["Unit Movement Wrapping"],"fullName":"Unit Movement Wrapping should handle Z axis wrapping","status":"passed","title":"should handle Z axis wrapping","duration":2.90309999999954,"failureMessages":[],"meta":{}}],"startTime":1769959642501,"endTime":1769959642517.903,"status":"passed","message":"","name":"C:/Users/mooya/develop/test/src/tests/UnitWrapping.test.js"},{"assertionResults":[{"ancestorTitles":["VisualDebug UnitRenderer"],"fullName":"VisualDebug UnitRenderer should set SCALE > 0 for active units","status":"failed","title":"should set SCALE > 0 for active units","duration":38.98199999999997,"failureMessages":["TypeError: matrix.fromArray is not a function\n    at InstancedMesh.getMatrixAt (file:///C:/Users/mooya/develop/test/node_modules/three/build/three.core.js:25904:10)\n    at C:/Users/mooya/develop/test/src/tests/VisualDebug.test.js:78:14\n    at file:///C:/Users/mooya/develop/test/node_modules/@vitest/runner/dist/index.js:145:11\n    at file:///C:/Users/mooya/develop/test/node_modules/@vitest/runner/dist/index.js:915:26\n    at file:///C:/Users/mooya/develop/test/node_modules/@vitest/runner/dist/index.js:1240:20\n    at new Promise (<anonymous>)\n    at runWithTimeout (file:///C:/Users/mooya/develop/test/node_modules/@vitest/runner/dist/index.js:1206:10)\n    at file:///C:/Users/mooya/develop/test/node_modules/@vitest/runner/dist/index.js:1650:37\n    at Traces.$ (file:///C:/Users/mooya/develop/test/node_modules/vitest/dist/chunks/traces.U4xDYhzZ.js:115:27)\n    at trace (file:///C:/Users/mooya/develop/test/node_modules/vitest/dist/chunks/test.BT8LKgU9.js:239:21)"],"meta":{}}],"startTime":1769959633692,"endTime":1769959633730.982,"status":"failed","message":"","name":"C:/Users/mooya/develop/test/src/tests/VisualDebug.test.js"},{"assertionResults":[{"ancestorTitles":["Wander Behavior Verification"],"fullName":"Wander Behavior Verification Wander should trigger moveRandomly after interval","status":"passed","title":"Wander should trigger moveRandomly after interval","duration":5.740400000000591,"failureMessages":[],"meta":{}},{"ancestorTitles":["Wander Behavior Verification"],"fullName":"Wander Behavior Verification Wander should also wander and scan for targets","status":"passed","title":"Wander should also wander and scan for targets","duration":1.2890000000006694,"failureMessages":[],"meta":{}}],"startTime":1769959644625,"endTime":1769959644632.289,"status":"passed","message":"","name":"C:/Users/mooya/develop/test/src/tests/WanderBehavior.test.js"},{"assertionResults":[{"ancestorTitles":["Water Entry Prevention"],"fullName":"Water Entry Prevention Actor prevents linear movement into water","status":"passed","title":"Actor prevents linear movement into water","duration":7.34020000000055,"failureMessages":[],"meta":{}},{"ancestorTitles":["Water Entry Prevention"],"fullName":"Water Entry Prevention Actor allows movement on land","status":"passed","title":"Actor allows movement on land","duration":2.5450999999993655,"failureMessages":[],"meta":{}}],"startTime":1769959644763,"endTime":1769959644772.5452,"status":"passed","message":"","name":"C:/Users/mooya/develop/test/src/tests/WaterEntry.test.js"},{"assertionResults":[{"ancestorTitles":["Worker Distraction Investigation"],"fullName":"Worker Distraction Investigation should immediately switch to Job and target the job upon assignment","status":"passed","title":"should immediately switch to Job and target the job upon assignment","duration":8.564300000000003,"failureMessages":[],"meta":{}},{"ancestorTitles":["Worker Distraction Investigation"],"fullName":"Worker Distraction Investigation should NOT be distracted by WanderState updates during Job","status":"passed","title":"should NOT be distracted by WanderState updates during Job","duration":2.690200000000914,"failureMessages":[],"meta":{}},{"ancestorTitles":["Worker Distraction Investigation"],"fullName":"Worker Distraction Investigation should not freeze due to throttle at low game time","status":"passed","title":"should not freeze due to throttle at low game time","duration":7.580800000001545,"failureMessages":[],"meta":{}},{"ancestorTitles":["Worker Distraction Investigation"],"fullName":"Worker Distraction Investigation should NOT build a house immediately if pathfinding fails temporarily","status":"passed","title":"should NOT build a house immediately if pathfinding fails temporarily","duration":94.69720000000052,"failureMessages":[],"meta":{}}],"startTime":1769959638790,"endTime":1769959638903.6973,"status":"passed","message":"","name":"C:/Users/mooya/develop/test/src/tests/WorkerDistraction.test.js"},{"assertionResults":[{"ancestorTitles":["Worker Diversity Spawning"],"fullName":"Worker Diversity Spawning should spawn diverse roles (Worker/Hunter/Fisher) from a House","status":"passed","title":"should spawn diverse roles (Worker/Hunter/Fisher) from a House","duration":25.686400000000503,"failureMessages":[],"meta":{}},{"ancestorTitles":["Worker Diversity Spawning"],"fullName":"Worker Diversity Spawning should spawn Knights from Barracks","status":"passed","title":"should spawn Knights from Barracks","duration":1.5120999999999185,"failureMessages":[],"meta":{}},{"ancestorTitles":["Worker Diversity Spawning"],"fullName":"Worker Diversity Spawning should spawn Wizards from Towers","status":"passed","title":"should spawn Wizards from Towers","duration":0.8659000000006927,"failureMessages":[],"meta":{}}],"startTime":1769959642269,"endTime":1769959642296.866,"status":"passed","message":"","name":"C:/Users/mooya/develop/test/src/tests/WorkerDiversity.test.js"},{"assertionResults":[{"ancestorTitles":["Verification Game"],"fullName":"Verification Game Game should be defined","status":"passed","title":"Game should be defined","duration":1.9355999999988853,"failureMessages":[],"meta":{}},{"ancestorTitles":["Verification Game"],"fullName":"Verification Game Game.spawnUnit should be updated","status":"passed","title":"Game.spawnUnit should be updated","duration":0.8080000000009022,"failureMessages":[],"meta":{}}],"startTime":1769959645758,"endTime":1769959645760.808,"status":"passed","message":"","name":"C:/Users/mooya/develop/test/src/tests/WorkerDiversityFixed.test.js"},{"assertionResults":[{"ancestorTitles":["Worker Oscillation Debug"],"fullName":"Worker Oscillation Debug should blacklist unreachable jobs and NOT pick them up immediately","status":"passed","title":"should blacklist unreachable jobs and NOT pick them up immediately","duration":16.228800000000774,"failureMessages":[],"meta":{}},{"ancestorTitles":["Worker Oscillation Debug"],"fullName":"Worker Oscillation Debug should NOT oscillate (Ping Pong) between Job and Idle","status":"passed","title":"should NOT oscillate (Ping Pong) between Job and Idle","duration":8.150100000000748,"failureMessages":[],"meta":{}}],"startTime":1769959643972,"endTime":1769959643996.1501,"status":"passed","message":"","name":"C:/Users/mooya/develop/test/src/tests/WorkerOscillation.test.js"},{"assertionResults":[{"ancestorTitles":["Worker Oscillation Debug"],"fullName":"Worker Oscillation Debug should clear isUnreachable flag when entering new job","status":"passed","title":"should clear isUnreachable flag when entering new job","duration":19.462800000001153,"failureMessages":[],"meta":{}}],"startTime":1769959641716,"endTime":1769959641735.463,"status":"passed","message":"","name":"C:/Users/mooya/develop/test/src/tests/WorkerOscillationStale.test.js"},{"assertionResults":[{"ancestorTitles":["Worker Job Reachability"],"fullName":"Worker Job Reachability findBestRequest filters out unreachable jobs","status":"passed","title":"findBestRequest filters out unreachable jobs","duration":193.50820000000022,"failureMessages":[],"meta":{}},{"ancestorTitles":["Worker Job Reachability"],"fullName":"Worker Job Reachability forceAssignRequest skips unreachable units","status":"passed","title":"forceAssignRequest skips unreachable units","duration":14.732100000000173,"failureMessages":[],"meta":{}}],"startTime":1769959636023,"endTime":1769959636231.7322,"status":"passed","message":"","name":"C:/Users/mooya/develop/test/src/tests/WorkerReachability.test.js"},{"assertionResults":[{"ancestorTitles":["Worker Job Logic (Unit.js + States)"],"fullName":"Worker Job Logic (Unit.js + States) Unit finds and claims request when idle","status":"passed","title":"Unit finds and claims request when idle","duration":16.09349999999995,"failureMessages":[],"meta":{}},{"ancestorTitles":["Worker Job Logic (Unit.js + States)"],"fullName":"Worker Job Logic (Unit.js + States) Unit moves to target request","status":"passed","title":"Unit moves to target request","duration":6.486100000000079,"failureMessages":[],"meta":{}},{"ancestorTitles":["Worker Job Logic (Unit.js + States)"],"fullName":"Worker Job Logic (Unit.js + States) Unit completes request upon arrival","status":"failed","title":"Unit completes request upon arrival","duration":16.61409999999978,"failureMessages":["AssertionError: expected { id: 'req_0', type: 'raise', …(4) } to be null\n    at C:/Users/mooya/develop/test/src/tests/WorkerRequest.test.js:152:36\n    at file:///C:/Users/mooya/develop/test/node_modules/@vitest/runner/dist/index.js:145:11\n    at file:///C:/Users/mooya/develop/test/node_modules/@vitest/runner/dist/index.js:915:26\n    at file:///C:/Users/mooya/develop/test/node_modules/@vitest/runner/dist/index.js:1240:20\n    at new Promise (<anonymous>)\n    at runWithTimeout (file:///C:/Users/mooya/develop/test/node_modules/@vitest/runner/dist/index.js:1206:10)\n    at file:///C:/Users/mooya/develop/test/node_modules/@vitest/runner/dist/index.js:1650:37\n    at Traces.$ (file:///C:/Users/mooya/develop/test/node_modules/vitest/dist/chunks/traces.U4xDYhzZ.js:115:27)\n    at trace (file:///C:/Users/mooya/develop/test/node_modules/vitest/dist/chunks/test.BT8LKgU9.js:239:21)\n    at runTest (file:///C:/Users/mooya/develop/test/node_modules/@vitest/runner/dist/index.js:1650:12)"],"meta":{}}],"startTime":1769959634633,"endTime":1769959634672.614,"status":"failed","message":"","name":"C:/Users/mooya/develop/test/src/tests/WorkerRequest.test.js"},{"assertionResults":[{"ancestorTitles":["Unit Distance Wrap Logic"],"fullName":"Unit Distance Wrap Logic should calculate short distance across wrap (0,0 -> 79,0)","status":"passed","title":"should calculate short distance across wrap (0,0 -> 79,0)","duration":5.623600000000806,"failureMessages":[],"meta":{}},{"ancestorTitles":["Unit Distance Wrap Logic"],"fullName":"Unit Distance Wrap Logic should calculate diagonal wrap correctly (0,0 -> 79,79)","status":"passed","title":"should calculate diagonal wrap correctly (0,0 -> 79,79)","duration":1.3360000000011496,"failureMessages":[],"meta":{}}],"startTime":1769959645075,"endTime":1769959645082.336,"status":"passed","message":"","name":"C:/Users/mooya/develop/test/src/tests/WrapDistance.test.js"}]}