
[1m[46m RUN [49m[22m [36mv4.0.15 [39m[90mC:/Users/mooya/develop/test[39m

[90mstdout[2m | src/tests/IntegrationFlow.test.js
[22m[39m[DEBUG] Actor.ts loaded

[90mstdout[2m | src/tests/IntegrationFlow.test.js[2m > [22m[2mIntegration Flow: Actor -> Terrain -> MockWorker[2m > [22m[2mshould successfully request path and move when Worker replies
[22m[39m[Test] Setup Start
[Entity 0] Calling registerEntity...
[Entity 0] registerEntity returned.
[Entity 0] Calling updatePosition...
[Entity 0] updatePosition returned.
[DIAG] Actor Created ID: 0
[DIAG] Actor smartMove type: function
[DIAG] Actor smartMove body snapshot: smartMove(tx, tz, time, depth = 0) {
    if (isNaN(tx) || isNaN(tz)) {
      console.error(`[Actor $
[UnitCore.js] Unit Created ID:0 Role:undefined Pos:undefined,undefined Special:false
[Unit 0] State Change: None -> Wander
[UnitCore.js] Unit Created ID:0 Role:worker Pos:20,20
[UnitCore.js] Unit Construction Finished ID:0
[Test] Setup Done

stderr | src/tests/IntegrationFlow.test.js > Integration Flow: Actor -> Terrain -> MockWorker > should successfully request path and move when Worker replies
[Test] Exception in test 1: AssertionError: expected "vi.fn()" to be called at least once
    at Proxy.<anonymous> (file:///C:/Users/mooya/develop/test/node_modules/@vitest/expect/dist/index.js:1400:10)
    at Proxy.<anonymous> (file:///C:/Users/mooya/develop/test/node_modules/@vitest/expect/dist/index.js:1090:14)
    at Proxy.methodWrapper (file:///C:/Users/mooya/develop/test/node_modules/chai/index.js:1700:25)
    at C:/Users/mooya/develop/test/src/tests/IntegrationFlow.test.js:195:48
    at file:///C:/Users/mooya/develop/test/node_modules/@vitest/runner/dist/index.js:145:11
    at file:///C:/Users/mooya/develop/test/node_modules/@vitest/runner/dist/index.js:915:26
[90mstdout[2m | src/tests/IntegrationFlow.test.js[2m > [22m[2mIntegration Flow: Actor -> Terrain -> MockWorker[2m > [22m[2mshould successfully request path and move when Worker replies
[22m[39m[Test] Test 1 Start
[Test] Calling smartMove...
[Test] smartMove returned: [90mundefined[39m

    at file:///C:/Users/mooya/develop/test/node_modules/@vitest/runner/dist/index.js:1240:20
    at new Promise (<anonymous>)
    at runWithTimeout (file:///C:/Users/mooya/develop/test/node_modules/@vitest/runner/dist/index.js:1206:10)
    at file:///C:/Users/mooya/develop/test/node_modules/@vitest/runner/dist/index.js:1650:37

[90mstdout[2m | src/tests/IntegrationFlow.test.js[2m > [22m[2mIntegration Flow: Actor -> Terrain -> MockWorker[2m > [22m[2mshould STUCK when Worker DROPS the message
[22m[39m[Test] Setup Start
[Entity 1] Calling registerEntity...
[Entity 1] registerEntity returned.
[Entity 1] Calling updatePosition...
[Entity 1] updatePosition returned.
[DIAG] Actor Created ID: 1
[DIAG] Actor smartMove type: function
[DIAG] Actor smartMove body snapshot: smartMove(tx, tz, time, depth = 0) {
    if (isNaN(tx) || isNaN(tz)) {
      console.error(`[Actor $
[UnitCore.js] Unit Created ID:1 Role:undefined Pos:undefined,undefined Special:false
[UnitCore.js] Unit Created ID:1 Role:worker Pos:20,20
[UnitCore.js] Unit Construction Finished ID:1
[Test] Setup Done

[90mstdout[2m | src/tests/IntegrationFlow.test.js[2m > [22m[2mIntegration Flow: Actor -> Terrain -> MockWorker[2m > [22m[2mshould STUCK when Worker DROPS the message
[22m[39m[Test] Test 2 Start (Stuck simulation)

 [31mç¬¶ï½¯[39m src/tests/IntegrationFlow.test.js [2m([22m[2m2 tests[22m[2m | [22m[31m2 failed[39m[2m)[22m[32m 52[2mms[22m[39m
[31m     [31mï¾ƒãƒ»[31m should successfully request path and move when Worker replies[39m[32m 31[2mms[22m[39m
[31m     [31mï¾ƒãƒ»[31m should STUCK when Worker DROPS the message[39m[32m 19[2mms[22m[39m

ç«¡ï½¯ç«¡ï½¯ç«¡ï½¯ç«¡ï½¯ç«¡ï½¯ç«¡ï½¯ç«¡ï½¯ Failed Tests 2 ç«¡ï½¯ç«¡ï½¯ç«¡ï½¯ç«¡ï½¯ç«¡ï½¯ç«¡ï½¯ç«¡ï½¯

 FAIL  src/tests/IntegrationFlow.test.js > Integration Flow: Actor -> Terrain -> MockWorker > should successfully request path and move when Worker replies
AssertionError: expected "vi.fn()" to be called at least once
 ç¬¶ï½¯ src/tests/IntegrationFlow.test.js:195:48
    193|             console.log('[Test] smartMove returned:', valid);
    194| 
    195|             expect(terrain.worker.postMessage).toHaveBeenCalled();
       |                                                ^
    196|             expect(unit.isPathfinding).toBe(true);
    197| 

ç«¡ï½¯ç«¡ï½¯ç«¡ï½¯ç«¡ï½¯ç«¡ï½¯ç«¡ï½¯ç«¡ï½¯ç«¡ï½¯ç«¡ï½¯ç«¡ï½¯ç«¡ï½¯ç«¡ï½¯ç«¡ï½¯ç«¡ï½¯ç«¡ï½¯ç«¡ï½¯ç«¡ï½¯ç«¡ï½¯ç«¡ï½¯ç«¡ï½¯ç«¡ï½¯ç«¡ï½¯ç«¡ï½¯ç«¡ï½¯[1/2]ç«¡ï½¯

 FAIL  src/tests/IntegrationFlow.test.js > Integration Flow: Actor -> Terrain -> MockWorker > should STUCK when Worker DROPS the message
AssertionError: expected "vi.fn()" to be called at least once
 ç¬¶ï½¯ src/tests/IntegrationFlow.test.js:221:44
    219|         unit.smartMove(5, 5, 0.1);
    220| 
    221|         expect(terrain.worker.postMessage).toHaveBeenCalled();
       |                                            ^
    222|         expect(unit.isPathfinding).toBe(true);
    223| 

ç«¡ï½¯ç«¡ï½¯ç«¡ï½¯ç«¡ï½¯ç«¡ï½¯ç«¡ï½¯ç«¡ï½¯ç«¡ï½¯ç«¡ï½¯ç«¡ï½¯ç«¡ï½¯ç«¡ï½¯ç«¡ï½¯ç«¡ï½¯ç«¡ï½¯ç«¡ï½¯ç«¡ï½¯ç«¡ï½¯ç«¡ï½¯ç«¡ï½¯ç«¡ï½¯ç«¡ï½¯ç«¡ï½¯ç«¡ï½¯[2/2]ç«¡ï½¯


[2m Test Files [22m [1m[31m1 failed[39m[22m[90m (1)[39m
[2m      Tests [22m [1m[31m2 failed[39m[22m[90m (2)[39m
[2m   Start at [22m 14:19:20
[2m   Duration [22m 1.07s[2m (transform 306ms, setup 85ms, import 314ms, tests 52ms, environment 431ms)[22m

